{"/Users/mohamadasaker/Desktop/CPEN321/Nexus/Nexus/screens/ChatScreen.js": {"path":"/Users/mohamadasaker/Desktop/CPEN321/Nexus/Nexus/screens/ChatScreen.js","statementMap":{"0":{"start":{"line":27,"column":14},"end":{"line":27,"column":44}},"1":{"start":{"line":28,"column":15},"end":{"line":28,"column":46}},"2":{"start":{"line":30,"column":0},"end":{"line":30,"column":31}},"3":{"start":{"line":34,"column":19},"end":{"line":34,"column":28}},"4":{"start":{"line":35,"column":23},"end":{"line":35,"column":32}},"5":{"start":{"line":47,"column":8},"end":{"line":47,"column":20}},"6":{"start":{"line":48,"column":8},"end":{"line":48,"column":62}},"7":{"start":{"line":49,"column":8},"end":{"line":49,"column":54}},"8":{"start":{"line":50,"column":8},"end":{"line":50,"column":126}},"9":{"start":{"line":51,"column":8},"end":{"line":51,"column":47}},"10":{"start":{"line":55,"column":8},"end":{"line":55,"column":31}},"11":{"start":{"line":56,"column":31},"end":{"line":56,"column":65}},"12":{"start":{"line":57,"column":8},"end":{"line":67,"column":9}},"13":{"start":{"line":58,"column":12},"end":{"line":66,"column":13}},"14":{"start":{"line":59,"column":33},"end":{"line":59,"column":35}},"15":{"start":{"line":60,"column":16},"end":{"line":60,"column":38}},"16":{"start":{"line":61,"column":36},"end":{"line":61,"column":72}},"17":{"start":{"line":62,"column":16},"end":{"line":62,"column":56}},"18":{"start":{"line":63,"column":16},"end":{"line":65,"column":17}},"19":{"start":{"line":64,"column":20},"end":{"line":64,"column":56}},"20":{"start":{"line":68,"column":8},"end":{"line":68,"column":69}},"21":{"start":{"line":70,"column":34},"end":{"line":70,"column":71}},"22":{"start":{"line":71,"column":8},"end":{"line":74,"column":9}},"23":{"start":{"line":72,"column":12},"end":{"line":72,"column":40}},"24":{"start":{"line":73,"column":12},"end":{"line":73,"column":29}},"25":{"start":{"line":75,"column":8},"end":{"line":75,"column":73}},"26":{"start":{"line":79,"column":8},"end":{"line":79,"column":83}},"27":{"start":{"line":80,"column":8},"end":{"line":80,"column":75}},"28":{"start":{"line":82,"column":8},"end":{"line":99,"column":10}},"29":{"start":{"line":84,"column":12},"end":{"line":87,"column":13}},"30":{"start":{"line":85,"column":16},"end":{"line":85,"column":53}},"31":{"start":{"line":86,"column":16},"end":{"line":86,"column":35}},"32":{"start":{"line":89,"column":12},"end":{"line":89,"column":68}},"33":{"start":{"line":91,"column":12},"end":{"line":91,"column":46}},"34":{"start":{"line":93,"column":12},"end":{"line":96,"column":148}},"35":{"start":{"line":94,"column":16},"end":{"line":94,"column":53}},"36":{"start":{"line":96,"column":16},"end":{"line":96,"column":148}},"37":{"start":{"line":98,"column":12},"end":{"line":98,"column":42}},"38":{"start":{"line":103,"column":8},"end":{"line":104,"column":18}},"39":{"start":{"line":104,"column":12},"end":{"line":104,"column":18}},"40":{"start":{"line":105,"column":8},"end":{"line":113,"column":10}},"41":{"start":{"line":106,"column":12},"end":{"line":109,"column":13}},"42":{"start":{"line":107,"column":16},"end":{"line":107,"column":36}},"43":{"start":{"line":108,"column":16},"end":{"line":108,"column":22}},"44":{"start":{"line":110,"column":29},"end":{"line":110,"column":77}},"45":{"start":{"line":111,"column":12},"end":{"line":111,"column":33}},"46":{"start":{"line":112,"column":12},"end":{"line":112,"column":43}},"47":{"start":{"line":117,"column":8},"end":{"line":120,"column":9}},"48":{"start":{"line":118,"column":12},"end":{"line":118,"column":83}},"49":{"start":{"line":119,"column":12},"end":{"line":119,"column":36}},"50":{"start":{"line":122,"column":8},"end":{"line":140,"column":9}},"51":{"start":{"line":123,"column":12},"end":{"line":125,"column":13}},"52":{"start":{"line":124,"column":16},"end":{"line":124,"column":22}},"53":{"start":{"line":126,"column":12},"end":{"line":139,"column":14}},"54":{"start":{"line":127,"column":12},"end":{"line":130,"column":13}},"55":{"start":{"line":128,"column":16},"end":{"line":128,"column":60}},"56":{"start":{"line":129,"column":16},"end":{"line":129,"column":22}},"57":{"start":{"line":132,"column":29},"end":{"line":132,"column":31}},"58":{"start":{"line":133,"column":12},"end":{"line":135,"column":13}},"59":{"start":{"line":134,"column":16},"end":{"line":134,"column":42}},"60":{"start":{"line":137,"column":35},"end":{"line":137,"column":81}},"61":{"start":{"line":138,"column":12},"end":{"line":138,"column":55}},"62":{"start":{"line":144,"column":26},"end":{"line":144,"column":62}},"63":{"start":{"line":145,"column":8},"end":{"line":157,"column":9}},"64":{"start":{"line":146,"column":12},"end":{"line":156,"column":13}},"65":{"start":{"line":158,"column":8},"end":{"line":168,"column":9}},"66":{"start":{"line":172,"column":8},"end":{"line":210,"column":9}},"67":{"start":{"line":183,"column":36},"end":{"line":183,"column":65}},"68":{"start":{"line":185,"column":42},"end":{"line":185,"column":66}},"69":{"start":{"line":196,"column":48},"end":{"line":196,"column":71}},"70":{"start":{"line":205,"column":39},"end":{"line":205,"column":57}},"71":{"start":{"line":214,"column":15},"end":{"line":269,"column":1}}},"fnMap":{"0":{"name":"(anonymous_0)","decl":{"start":{"line":46,"column":4},"end":{"line":46,"column":5}},"loc":{"start":{"line":46,"column":23},"end":{"line":52,"column":5}},"line":46},"1":{"name":"(anonymous_1)","decl":{"start":{"line":54,"column":4},"end":{"line":54,"column":5}},"loc":{"start":{"line":54,"column":24},"end":{"line":76,"column":5}},"line":54},"2":{"name":"(anonymous_2)","decl":{"start":{"line":57,"column":43},"end":{"line":57,"column":44}},"loc":{"start":{"line":57,"column":73},"end":{"line":67,"column":9}},"line":57},"3":{"name":"(anonymous_3)","decl":{"start":{"line":71,"column":49},"end":{"line":71,"column":50}},"loc":{"start":{"line":71,"column":55},"end":{"line":74,"column":9}},"line":71},"4":{"name":"(anonymous_4)","decl":{"start":{"line":78,"column":4},"end":{"line":78,"column":5}},"loc":{"start":{"line":78,"column":22},"end":{"line":100,"column":5}},"line":78},"5":{"name":"(anonymous_5)","decl":{"start":{"line":82,"column":69},"end":{"line":82,"column":70}},"loc":{"start":{"line":82,"column":89},"end":{"line":99,"column":9}},"line":82},"6":{"name":"(anonymous_6)","decl":{"start":{"line":102,"column":4},"end":{"line":102,"column":5}},"loc":{"start":{"line":102,"column":18},"end":{"line":114,"column":5}},"line":102},"7":{"name":"(anonymous_7)","decl":{"start":{"line":105,"column":69},"end":{"line":105,"column":70}},"loc":{"start":{"line":105,"column":89},"end":{"line":113,"column":9}},"line":105},"8":{"name":"(anonymous_8)","decl":{"start":{"line":116,"column":4},"end":{"line":116,"column":5}},"loc":{"start":{"line":116,"column":31},"end":{"line":141,"column":5}},"line":116},"9":{"name":"(anonymous_9)","decl":{"start":{"line":126,"column":41},"end":{"line":126,"column":42}},"loc":{"start":{"line":126,"column":62},"end":{"line":139,"column":13}},"line":126},"10":{"name":"(anonymous_10)","decl":{"start":{"line":143,"column":4},"end":{"line":143,"column":5}},"loc":{"start":{"line":143,"column":23},"end":{"line":169,"column":5}},"line":143},"11":{"name":"(anonymous_11)","decl":{"start":{"line":171,"column":4},"end":{"line":171,"column":5}},"loc":{"start":{"line":171,"column":13},"end":{"line":211,"column":5}},"line":171},"12":{"name":"(anonymous_12)","decl":{"start":{"line":183,"column":30},"end":{"line":183,"column":31}},"loc":{"start":{"line":183,"column":36},"end":{"line":183,"column":65}},"line":183},"13":{"name":"(anonymous_13)","decl":{"start":{"line":185,"column":28},"end":{"line":185,"column":29}},"loc":{"start":{"line":185,"column":42},"end":{"line":185,"column":66}},"line":185},"14":{"name":"(anonymous_14)","decl":{"start":{"line":196,"column":38},"end":{"line":196,"column":39}},"loc":{"start":{"line":196,"column":48},"end":{"line":196,"column":71}},"line":196},"15":{"name":"(anonymous_15)","decl":{"start":{"line":205,"column":33},"end":{"line":205,"column":34}},"loc":{"start":{"line":205,"column":39},"end":{"line":205,"column":57}},"line":205}},"branchMap":{"0":{"loc":{"start":{"line":58,"column":12},"end":{"line":66,"column":13}},"type":"if","locations":[{"start":{"line":58,"column":12},"end":{"line":66,"column":13}},{"start":{"line":58,"column":12},"end":{"line":66,"column":13}}],"line":58},"1":{"loc":{"start":{"line":63,"column":16},"end":{"line":65,"column":17}},"type":"if","locations":[{"start":{"line":63,"column":16},"end":{"line":65,"column":17}},{"start":{"line":63,"column":16},"end":{"line":65,"column":17}}],"line":63},"2":{"loc":{"start":{"line":84,"column":12},"end":{"line":87,"column":13}},"type":"if","locations":[{"start":{"line":84,"column":12},"end":{"line":87,"column":13}},{"start":{"line":84,"column":12},"end":{"line":87,"column":13}}],"line":84},"3":{"loc":{"start":{"line":93,"column":12},"end":{"line":96,"column":148}},"type":"if","locations":[{"start":{"line":93,"column":12},"end":{"line":96,"column":148}},{"start":{"line":93,"column":12},"end":{"line":96,"column":148}}],"line":93},"4":{"loc":{"start":{"line":96,"column":40},"end":{"line":96,"column":147}},"type":"cond-expr","locations":[{"start":{"line":96,"column":90},"end":{"line":96,"column":117}},{"start":{"line":96,"column":120},"end":{"line":96,"column":147}}],"line":96},"5":{"loc":{"start":{"line":103,"column":8},"end":{"line":104,"column":18}},"type":"if","locations":[{"start":{"line":103,"column":8},"end":{"line":104,"column":18}},{"start":{"line":103,"column":8},"end":{"line":104,"column":18}}],"line":103},"6":{"loc":{"start":{"line":106,"column":12},"end":{"line":109,"column":13}},"type":"if","locations":[{"start":{"line":106,"column":12},"end":{"line":109,"column":13}},{"start":{"line":106,"column":12},"end":{"line":109,"column":13}}],"line":106},"7":{"loc":{"start":{"line":117,"column":8},"end":{"line":120,"column":9}},"type":"if","locations":[{"start":{"line":117,"column":8},"end":{"line":120,"column":9}},{"start":{"line":117,"column":8},"end":{"line":120,"column":9}}],"line":117},"8":{"loc":{"start":{"line":122,"column":8},"end":{"line":140,"column":9}},"type":"if","locations":[{"start":{"line":122,"column":8},"end":{"line":140,"column":9}},{"start":{"line":122,"column":8},"end":{"line":140,"column":9}}],"line":122},"9":{"loc":{"start":{"line":123,"column":12},"end":{"line":125,"column":13}},"type":"if","locations":[{"start":{"line":123,"column":12},"end":{"line":125,"column":13}},{"start":{"line":123,"column":12},"end":{"line":125,"column":13}}],"line":123},"10":{"loc":{"start":{"line":127,"column":12},"end":{"line":130,"column":13}},"type":"if","locations":[{"start":{"line":127,"column":12},"end":{"line":130,"column":13}},{"start":{"line":127,"column":12},"end":{"line":130,"column":13}}],"line":127},"11":{"loc":{"start":{"line":145,"column":8},"end":{"line":157,"column":9}},"type":"if","locations":[{"start":{"line":145,"column":8},"end":{"line":157,"column":9}},{"start":{"line":145,"column":8},"end":{"line":157,"column":9}}],"line":145}},"s":{"0":1,"1":1,"2":1,"3":1,"4":1,"5":8,"6":8,"7":8,"8":8,"9":8,"10":8,"11":8,"12":8,"13":0,"14":0,"15":0,"16":0,"17":0,"18":0,"19":0,"20":8,"21":8,"22":8,"23":0,"24":0,"25":8,"26":8,"27":8,"28":8,"29":0,"30":0,"31":0,"32":0,"33":0,"34":0,"35":0,"36":0,"37":0,"38":1,"39":1,"40":0,"41":0,"42":0,"43":0,"44":0,"45":0,"46":0,"47":0,"48":0,"49":0,"50":0,"51":0,"52":0,"53":0,"54":0,"55":0,"56":0,"57":0,"58":0,"59":0,"60":0,"61":0,"62":2,"63":2,"64":1,"65":1,"66":9,"67":0,"68":0,"69":1,"70":2,"71":1},"f":{"0":8,"1":8,"2":0,"3":0,"4":8,"5":0,"6":1,"7":0,"8":0,"9":0,"10":2,"11":9,"12":0,"13":0,"14":1,"15":2},"b":{"0":[0,0],"1":[0,0],"2":[0,0],"3":[0,0],"4":[0,0],"5":[1,0],"6":[0,0],"7":[0,0],"8":[0,0],"9":[0,0],"10":[0,0],"11":[1,1]},"_coverageSchema":"332fd63041d2c1bcb487cc26dd0d5f7d97098a6c","hash":"2160922dd6bb9f96fcf17b408c706fefd846a955"}
,"/Users/mohamadasaker/Desktop/CPEN321/Nexus/Nexus/sendbirdActions/index.js": {"path":"/Users/mohamadasaker/Desktop/CPEN321/Nexus/Nexus/sendbirdActions/index.js","statementMap":{},"fnMap":{},"branchMap":{},"s":{},"f":{},"b":{},"_coverageSchema":"332fd63041d2c1bcb487cc26dd0d5f7d97098a6c","hash":"bf8d494bd868dd905b54b2d08fd8b27be4dac56a"}
,"/Users/mohamadasaker/Desktop/CPEN321/Nexus/Nexus/sendbirdActions/user.js": {"path":"/Users/mohamadasaker/Desktop/CPEN321/Nexus/Nexus/sendbirdActions/user.js","statementMap":{"0":{"start":{"line":3,"column":15},"end":{"line":3,"column":53}},"1":{"start":{"line":6,"column":25},"end":{"line":29,"column":1}},"2":{"start":{"line":7,"column":4},"end":{"line":28,"column":6}},"3":{"start":{"line":9,"column":19},"end":{"line":9,"column":52}},"4":{"start":{"line":11,"column":8},"end":{"line":27,"column":10}},"5":{"start":{"line":13,"column":12},"end":{"line":26,"column":13}},"6":{"start":{"line":14,"column":16},"end":{"line":14,"column":49}},"7":{"start":{"line":19,"column":16},"end":{"line":25,"column":18}},"8":{"start":{"line":20,"column":20},"end":{"line":24,"column":21}},"9":{"start":{"line":21,"column":24},"end":{"line":21,"column":54}},"10":{"start":{"line":23,"column":24},"end":{"line":23,"column":38}},"11":{"start":{"line":32,"column":28},"end":{"line":43,"column":1}},"12":{"start":{"line":33,"column":4},"end":{"line":42,"column":6}},"13":{"start":{"line":34,"column":19},"end":{"line":34,"column":41}},"14":{"start":{"line":35,"column":8},"end":{"line":41,"column":9}},"15":{"start":{"line":36,"column":12},"end":{"line":38,"column":15}},"16":{"start":{"line":37,"column":16},"end":{"line":37,"column":30}},"17":{"start":{"line":40,"column":12},"end":{"line":40,"column":45}}},"fnMap":{"0":{"name":"(anonymous_0)","decl":{"start":{"line":6,"column":25},"end":{"line":6,"column":26}},"loc":{"start":{"line":6,"column":47},"end":{"line":29,"column":1}},"line":6},"1":{"name":"(anonymous_1)","decl":{"start":{"line":7,"column":23},"end":{"line":7,"column":24}},"loc":{"start":{"line":7,"column":44},"end":{"line":28,"column":5}},"line":7},"2":{"name":"(anonymous_2)","decl":{"start":{"line":11,"column":27},"end":{"line":11,"column":28}},"loc":{"start":{"line":11,"column":44},"end":{"line":27,"column":9}},"line":11},"3":{"name":"(anonymous_3)","decl":{"start":{"line":19,"column":57},"end":{"line":19,"column":58}},"loc":{"start":{"line":19,"column":74},"end":{"line":25,"column":17}},"line":19},"4":{"name":"(anonymous_4)","decl":{"start":{"line":32,"column":28},"end":{"line":32,"column":29}},"loc":{"start":{"line":32,"column":34},"end":{"line":43,"column":1}},"line":32},"5":{"name":"(anonymous_5)","decl":{"start":{"line":33,"column":23},"end":{"line":33,"column":24}},"loc":{"start":{"line":33,"column":44},"end":{"line":42,"column":5}},"line":33},"6":{"name":"(anonymous_6)","decl":{"start":{"line":36,"column":26},"end":{"line":36,"column":27}},"loc":{"start":{"line":36,"column":32},"end":{"line":38,"column":13}},"line":36}},"branchMap":{"0":{"loc":{"start":{"line":13,"column":12},"end":{"line":26,"column":13}},"type":"if","locations":[{"start":{"line":13,"column":12},"end":{"line":26,"column":13}},{"start":{"line":13,"column":12},"end":{"line":26,"column":13}}],"line":13},"1":{"loc":{"start":{"line":20,"column":20},"end":{"line":24,"column":21}},"type":"if","locations":[{"start":{"line":20,"column":20},"end":{"line":24,"column":21}},{"start":{"line":20,"column":20},"end":{"line":24,"column":21}}],"line":20},"2":{"loc":{"start":{"line":35,"column":8},"end":{"line":41,"column":9}},"type":"if","locations":[{"start":{"line":35,"column":8},"end":{"line":41,"column":9}},{"start":{"line":35,"column":8},"end":{"line":41,"column":9}}],"line":35}},"s":{"0":1,"1":1,"2":8,"3":8,"4":8,"5":8,"6":8,"7":0,"8":0,"9":0,"10":0,"11":1,"12":8,"13":8,"14":8,"15":8,"16":8,"17":0},"f":{"0":8,"1":8,"2":8,"3":0,"4":8,"5":8,"6":8},"b":{"0":[8,0],"1":[0,0],"2":[8,0]},"_coverageSchema":"332fd63041d2c1bcb487cc26dd0d5f7d97098a6c","hash":"41615411f21ff99f9e68ed5c061b219f7468f215"}
}
