{"/Users/mohamadasaker/Desktop/CPEN321/Nexus/Nexus/API_calls/APIs.js": {"path":"/Users/mohamadasaker/Desktop/CPEN321/Nexus/Nexus/API_calls/APIs.js","statementMap":{"0":{"start":{"line":5,"column":15},"end":{"line":5,"column":60}},"1":{"start":{"line":6,"column":0},"end":{"line":6,"column":31}},"2":{"start":{"line":10,"column":24},"end":{"line":49,"column":3}},"3":{"start":{"line":11,"column":22},"end":{"line":11,"column":61}},"4":{"start":{"line":13,"column":4},"end":{"line":47,"column":1}},"5":{"start":{"line":15,"column":19},"end":{"line":20,"column":3}},"6":{"start":{"line":22,"column":15},"end":{"line":22,"column":60}},"7":{"start":{"line":24,"column":2},"end":{"line":41,"column":3}},"8":{"start":{"line":25,"column":19},"end":{"line":38,"column":7}},"9":{"start":{"line":28,"column":8},"end":{"line":36,"column":9}},"10":{"start":{"line":30,"column":10},"end":{"line":30,"column":44}},"11":{"start":{"line":33,"column":10},"end":{"line":34,"column":53}},"12":{"start":{"line":34,"column":30},"end":{"line":34,"column":51}},"13":{"start":{"line":35,"column":10},"end":{"line":35,"column":44}},"14":{"start":{"line":40,"column":4},"end":{"line":40,"column":25}},"15":{"start":{"line":46,"column":2},"end":{"line":46,"column":36}},"16":{"start":{"line":50,"column":2},"end":{"line":50,"column":51}},"17":{"start":{"line":52,"column":16},"end":{"line":103,"column":3}},"18":{"start":{"line":54,"column":26},"end":{"line":63,"column":27}},"19":{"start":{"line":65,"column":8},"end":{"line":102,"column":58}},"20":{"start":{"line":66,"column":28},"end":{"line":66,"column":43}},"21":{"start":{"line":70,"column":12},"end":{"line":100,"column":13}},"22":{"start":{"line":71,"column":14},"end":{"line":71,"column":64}},"23":{"start":{"line":72,"column":14},"end":{"line":72,"column":63}},"24":{"start":{"line":73,"column":14},"end":{"line":73,"column":73}},"25":{"start":{"line":75,"column":14},"end":{"line":75,"column":25}},"26":{"start":{"line":77,"column":14},"end":{"line":77,"column":67}},"27":{"start":{"line":79,"column":14},"end":{"line":79,"column":48}},"28":{"start":{"line":81,"column":14},"end":{"line":99,"column":15}},"29":{"start":{"line":83,"column":18},"end":{"line":85,"column":20}},"30":{"start":{"line":86,"column":18},"end":{"line":86,"column":24}},"31":{"start":{"line":88,"column":18},"end":{"line":88,"column":46}},"32":{"start":{"line":89,"column":18},"end":{"line":89,"column":24}},"33":{"start":{"line":91,"column":18},"end":{"line":91,"column":54}},"34":{"start":{"line":92,"column":18},"end":{"line":92,"column":24}},"35":{"start":{"line":94,"column":18},"end":{"line":94,"column":51}},"36":{"start":{"line":95,"column":18},"end":{"line":95,"column":24}},"37":{"start":{"line":97,"column":18},"end":{"line":97,"column":69}},"38":{"start":{"line":98,"column":18},"end":{"line":98,"column":24}},"39":{"start":{"line":102,"column":26},"end":{"line":102,"column":56}},"40":{"start":{"line":104,"column":2},"end":{"line":104,"column":31}},"41":{"start":{"line":107,"column":0},"end":{"line":125,"column":2}},"42":{"start":{"line":109,"column":4},"end":{"line":109,"column":50}},"43":{"start":{"line":111,"column":4},"end":{"line":111,"column":48}},"44":{"start":{"line":113,"column":4},"end":{"line":123,"column":5}},"45":{"start":{"line":114,"column":23},"end":{"line":120,"column":25}},"46":{"start":{"line":122,"column":6},"end":{"line":122,"column":48}},"47":{"start":{"line":126,"column":2},"end":{"line":126,"column":37}},"48":{"start":{"line":128,"column":17},"end":{"line":192,"column":1}},"49":{"start":{"line":134,"column":12},"end":{"line":191,"column":13}},"50":{"start":{"line":136,"column":16},"end":{"line":136,"column":59}},"51":{"start":{"line":139,"column":16},"end":{"line":190,"column":17}},"52":{"start":{"line":141,"column":20},"end":{"line":141,"column":66}},"53":{"start":{"line":144,"column":20},"end":{"line":189,"column":21}},"54":{"start":{"line":148,"column":24},"end":{"line":158,"column":25}},"55":{"start":{"line":159,"column":24},"end":{"line":159,"column":44}},"56":{"start":{"line":160,"column":24},"end":{"line":184,"column":74}},"57":{"start":{"line":161,"column":44},"end":{"line":161,"column":59}},"58":{"start":{"line":164,"column":32},"end":{"line":181,"column":33}},"59":{"start":{"line":166,"column":36},"end":{"line":166,"column":85}},"60":{"start":{"line":167,"column":36},"end":{"line":167,"column":86}},"61":{"start":{"line":168,"column":36},"end":{"line":168,"column":65}},"62":{"start":{"line":169,"column":36},"end":{"line":169,"column":69}},"63":{"start":{"line":172,"column":36},"end":{"line":180,"column":37}},"64":{"start":{"line":175,"column":44},"end":{"line":175,"column":84}},"65":{"start":{"line":176,"column":40},"end":{"line":176,"column":46}},"66":{"start":{"line":178,"column":44},"end":{"line":178,"column":89}},"67":{"start":{"line":179,"column":40},"end":{"line":179,"column":46}},"68":{"start":{"line":184,"column":42},"end":{"line":184,"column":72}},"69":{"start":{"line":188,"column":24},"end":{"line":188,"column":76}},"70":{"start":{"line":193,"column":0},"end":{"line":193,"column":35}},"71":{"start":{"line":195,"column":24},"end":{"line":276,"column":3}},"72":{"start":{"line":197,"column":4},"end":{"line":274,"column":5}},"73":{"start":{"line":199,"column":8},"end":{"line":199,"column":65}},"74":{"start":{"line":203,"column":22},"end":{"line":203,"column":61}},"75":{"start":{"line":204,"column":12},"end":{"line":204,"column":13}},"76":{"start":{"line":205,"column":19},"end":{"line":205,"column":22}},"77":{"start":{"line":206,"column":14},"end":{"line":206,"column":17}},"78":{"start":{"line":207,"column":13},"end":{"line":207,"column":16}},"79":{"start":{"line":209,"column":4},"end":{"line":214,"column":9}},"80":{"start":{"line":211,"column":8},"end":{"line":211,"column":57}},"81":{"start":{"line":212,"column":8},"end":{"line":212,"column":12}},"82":{"start":{"line":216,"column":4},"end":{"line":216,"column":10}},"83":{"start":{"line":217,"column":4},"end":{"line":217,"column":20}},"84":{"start":{"line":219,"column":4},"end":{"line":224,"column":9}},"85":{"start":{"line":221,"column":8},"end":{"line":221,"column":52}},"86":{"start":{"line":222,"column":8},"end":{"line":222,"column":12}},"87":{"start":{"line":226,"column":4},"end":{"line":226,"column":10}},"88":{"start":{"line":227,"column":4},"end":{"line":227,"column":15}},"89":{"start":{"line":229,"column":4},"end":{"line":234,"column":9}},"90":{"start":{"line":231,"column":8},"end":{"line":231,"column":51}},"91":{"start":{"line":232,"column":8},"end":{"line":232,"column":12}},"92":{"start":{"line":236,"column":4},"end":{"line":236,"column":10}},"93":{"start":{"line":237,"column":4},"end":{"line":237,"column":14}},"94":{"start":{"line":239,"column":4},"end":{"line":239,"column":36}},"95":{"start":{"line":240,"column":4},"end":{"line":240,"column":26}},"96":{"start":{"line":241,"column":4},"end":{"line":241,"column":24}},"97":{"start":{"line":243,"column":19},"end":{"line":257,"column":9}},"98":{"start":{"line":259,"column":8},"end":{"line":259,"column":30}},"99":{"start":{"line":261,"column":8},"end":{"line":272,"column":10}},"100":{"start":{"line":262,"column":28},"end":{"line":262,"column":43}},"101":{"start":{"line":264,"column":12},"end":{"line":264,"column":71}},"102":{"start":{"line":266,"column":12},"end":{"line":266,"column":23}},"103":{"start":{"line":268,"column":12},"end":{"line":268,"column":40}},"104":{"start":{"line":270,"column":12},"end":{"line":270,"column":46}},"105":{"start":{"line":277,"column":2},"end":{"line":277,"column":51}},"106":{"start":{"line":279,"column":20},"end":{"line":298,"column":3}},"107":{"start":{"line":280,"column":4},"end":{"line":280,"column":64}},"108":{"start":{"line":281,"column":4},"end":{"line":297,"column":5}},"109":{"start":{"line":282,"column":6},"end":{"line":282,"column":54}},"110":{"start":{"line":285,"column":23},"end":{"line":294,"column":7}},"111":{"start":{"line":295,"column":6},"end":{"line":296,"column":56}},"112":{"start":{"line":295,"column":65},"end":{"line":295,"column":80}},"113":{"start":{"line":296,"column":32},"end":{"line":296,"column":54}},"114":{"start":{"line":299,"column":2},"end":{"line":299,"column":39}},"115":{"start":{"line":302,"column":23},"end":{"line":323,"column":3}},"116":{"start":{"line":304,"column":4},"end":{"line":304,"column":64}},"117":{"start":{"line":307,"column":4},"end":{"line":307,"column":54}},"118":{"start":{"line":309,"column":4},"end":{"line":322,"column":5}},"119":{"start":{"line":310,"column":6},"end":{"line":310,"column":56}},"120":{"start":{"line":311,"column":23},"end":{"line":320,"column":7}},"121":{"start":{"line":321,"column":6},"end":{"line":321,"column":41}},"122":{"start":{"line":324,"column":2},"end":{"line":324,"column":45}}},"fnMap":{"0":{"name":"(anonymous_0)","decl":{"start":{"line":10,"column":24},"end":{"line":10,"column":25}},"loc":{"start":{"line":10,"column":41},"end":{"line":49,"column":3}},"line":10},"1":{"name":"(anonymous_1)","decl":{"start":{"line":26,"column":11},"end":{"line":26,"column":12}},"loc":{"start":{"line":27,"column":6},"end":{"line":37,"column":7}},"line":27},"2":{"name":"(anonymous_2)","decl":{"start":{"line":34,"column":16},"end":{"line":34,"column":17}},"loc":{"start":{"line":34,"column":30},"end":{"line":34,"column":51}},"line":34},"3":{"name":"(anonymous_3)","decl":{"start":{"line":52,"column":16},"end":{"line":52,"column":17}},"loc":{"start":{"line":53,"column":2},"end":{"line":103,"column":3}},"line":53},"4":{"name":"(anonymous_4)","decl":{"start":{"line":66,"column":16},"end":{"line":66,"column":17}},"loc":{"start":{"line":66,"column":28},"end":{"line":66,"column":43}},"line":66},"5":{"name":"(anonymous_5)","decl":{"start":{"line":67,"column":16},"end":{"line":67,"column":17}},"loc":{"start":{"line":67,"column":28},"end":{"line":101,"column":11}},"line":67},"6":{"name":"(anonymous_6)","decl":{"start":{"line":102,"column":17},"end":{"line":102,"column":18}},"loc":{"start":{"line":102,"column":26},"end":{"line":102,"column":56}},"line":102},"7":{"name":"(anonymous_7)","decl":{"start":{"line":107,"column":11},"end":{"line":107,"column":12}},"loc":{"start":{"line":108,"column":0},"end":{"line":125,"column":1}},"line":108},"8":{"name":"(anonymous_8)","decl":{"start":{"line":128,"column":17},"end":{"line":128,"column":18}},"loc":{"start":{"line":129,"column":0},"end":{"line":192,"column":1}},"line":129},"9":{"name":"(anonymous_9)","decl":{"start":{"line":161,"column":30},"end":{"line":161,"column":31}},"loc":{"start":{"line":161,"column":44},"end":{"line":161,"column":59}},"line":161},"10":{"name":"(anonymous_10)","decl":{"start":{"line":162,"column":30},"end":{"line":162,"column":31}},"loc":{"start":{"line":163,"column":28},"end":{"line":182,"column":29}},"line":163},"11":{"name":"(anonymous_11)","decl":{"start":{"line":184,"column":31},"end":{"line":184,"column":32}},"loc":{"start":{"line":184,"column":42},"end":{"line":184,"column":72}},"line":184},"12":{"name":"(anonymous_12)","decl":{"start":{"line":195,"column":24},"end":{"line":195,"column":25}},"loc":{"start":{"line":195,"column":84},"end":{"line":276,"column":3}},"line":195},"13":{"name":"(anonymous_13)","decl":{"start":{"line":209,"column":31},"end":{"line":209,"column":32}},"loc":{"start":{"line":209,"column":49},"end":{"line":214,"column":7}},"line":209},"14":{"name":"(anonymous_14)","decl":{"start":{"line":219,"column":30},"end":{"line":219,"column":31}},"loc":{"start":{"line":219,"column":48},"end":{"line":224,"column":7}},"line":219},"15":{"name":"(anonymous_15)","decl":{"start":{"line":229,"column":24},"end":{"line":229,"column":25}},"loc":{"start":{"line":229,"column":42},"end":{"line":234,"column":7}},"line":229},"16":{"name":"(anonymous_16)","decl":{"start":{"line":262,"column":14},"end":{"line":262,"column":15}},"loc":{"start":{"line":262,"column":28},"end":{"line":262,"column":43}},"line":262},"17":{"name":"(anonymous_17)","decl":{"start":{"line":263,"column":14},"end":{"line":263,"column":15}},"loc":{"start":{"line":263,"column":28},"end":{"line":272,"column":9}},"line":263},"18":{"name":"(anonymous_18)","decl":{"start":{"line":279,"column":20},"end":{"line":279,"column":21}},"loc":{"start":{"line":279,"column":42},"end":{"line":298,"column":3}},"line":279},"19":{"name":"(anonymous_19)","decl":{"start":{"line":295,"column":53},"end":{"line":295,"column":54}},"loc":{"start":{"line":295,"column":65},"end":{"line":295,"column":80}},"line":295},"20":{"name":"(anonymous_20)","decl":{"start":{"line":296,"column":12},"end":{"line":296,"column":13}},"loc":{"start":{"line":296,"column":31},"end":{"line":296,"column":55}},"line":296},"21":{"name":"(anonymous_21)","decl":{"start":{"line":302,"column":23},"end":{"line":302,"column":24}},"loc":{"start":{"line":302,"column":45},"end":{"line":323,"column":3}},"line":302}},"branchMap":{"0":{"loc":{"start":{"line":13,"column":4},"end":{"line":47,"column":1}},"type":"if","locations":[{"start":{"line":13,"column":4},"end":{"line":47,"column":1}},{"start":{"line":13,"column":4},"end":{"line":47,"column":1}}],"line":13},"1":{"loc":{"start":{"line":28,"column":8},"end":{"line":36,"column":9}},"type":"if","locations":[{"start":{"line":28,"column":8},"end":{"line":36,"column":9}},{"start":{"line":28,"column":8},"end":{"line":36,"column":9}}],"line":28},"2":{"loc":{"start":{"line":70,"column":12},"end":{"line":100,"column":13}},"type":"if","locations":[{"start":{"line":70,"column":12},"end":{"line":100,"column":13}},{"start":{"line":70,"column":12},"end":{"line":100,"column":13}}],"line":70},"3":{"loc":{"start":{"line":81,"column":14},"end":{"line":99,"column":15}},"type":"switch","locations":[{"start":{"line":82,"column":16},"end":{"line":86,"column":24}},{"start":{"line":87,"column":16},"end":{"line":89,"column":24}},{"start":{"line":90,"column":16},"end":{"line":92,"column":24}},{"start":{"line":93,"column":16},"end":{"line":95,"column":24}},{"start":{"line":96,"column":16},"end":{"line":98,"column":24}}],"line":81},"4":{"loc":{"start":{"line":113,"column":4},"end":{"line":123,"column":5}},"type":"if","locations":[{"start":{"line":113,"column":4},"end":{"line":123,"column":5}},{"start":{"line":113,"column":4},"end":{"line":123,"column":5}}],"line":113},"5":{"loc":{"start":{"line":134,"column":12},"end":{"line":191,"column":13}},"type":"if","locations":[{"start":{"line":134,"column":12},"end":{"line":191,"column":13}},{"start":{"line":134,"column":12},"end":{"line":191,"column":13}}],"line":134},"6":{"loc":{"start":{"line":134,"column":16},"end":{"line":134,"column":75}},"type":"binary-expr","locations":[{"start":{"line":134,"column":16},"end":{"line":134,"column":40}},{"start":{"line":134,"column":44},"end":{"line":134,"column":75}}],"line":134},"7":{"loc":{"start":{"line":139,"column":16},"end":{"line":190,"column":17}},"type":"if","locations":[{"start":{"line":139,"column":16},"end":{"line":190,"column":17}},{"start":{"line":139,"column":16},"end":{"line":190,"column":17}}],"line":139},"8":{"loc":{"start":{"line":139,"column":20},"end":{"line":139,"column":79}},"type":"binary-expr","locations":[{"start":{"line":139,"column":20},"end":{"line":139,"column":44}},{"start":{"line":139,"column":48},"end":{"line":139,"column":79}}],"line":139},"9":{"loc":{"start":{"line":144,"column":20},"end":{"line":189,"column":21}},"type":"if","locations":[{"start":{"line":144,"column":20},"end":{"line":189,"column":21}},{"start":{"line":144,"column":20},"end":{"line":189,"column":21}}],"line":144},"10":{"loc":{"start":{"line":164,"column":32},"end":{"line":181,"column":33}},"type":"if","locations":[{"start":{"line":164,"column":32},"end":{"line":181,"column":33}},{"start":{"line":164,"column":32},"end":{"line":181,"column":33}}],"line":164},"11":{"loc":{"start":{"line":172,"column":36},"end":{"line":180,"column":37}},"type":"switch","locations":[{"start":{"line":174,"column":40},"end":{"line":176,"column":46}},{"start":{"line":177,"column":40},"end":{"line":179,"column":46}}],"line":172},"12":{"loc":{"start":{"line":197,"column":4},"end":{"line":274,"column":5}},"type":"if","locations":[{"start":{"line":197,"column":4},"end":{"line":274,"column":5}},{"start":{"line":197,"column":4},"end":{"line":274,"column":5}}],"line":197},"13":{"loc":{"start":{"line":197,"column":8},"end":{"line":197,"column":33}},"type":"binary-expr","locations":[{"start":{"line":197,"column":8},"end":{"line":197,"column":19}},{"start":{"line":197,"column":23},"end":{"line":197,"column":33}}],"line":197},"14":{"loc":{"start":{"line":211,"column":21},"end":{"line":211,"column":31}},"type":"cond-expr","locations":[{"start":{"line":211,"column":24},"end":{"line":211,"column":27}},{"start":{"line":211,"column":29},"end":{"line":211,"column":31}}],"line":211},"15":{"loc":{"start":{"line":221,"column":16},"end":{"line":221,"column":26}},"type":"cond-expr","locations":[{"start":{"line":221,"column":19},"end":{"line":221,"column":22}},{"start":{"line":221,"column":24},"end":{"line":221,"column":26}}],"line":221},"16":{"loc":{"start":{"line":231,"column":15},"end":{"line":231,"column":25}},"type":"cond-expr","locations":[{"start":{"line":231,"column":18},"end":{"line":231,"column":21}},{"start":{"line":231,"column":23},"end":{"line":231,"column":25}}],"line":231},"17":{"loc":{"start":{"line":281,"column":4},"end":{"line":297,"column":5}},"type":"if","locations":[{"start":{"line":281,"column":4},"end":{"line":297,"column":5}},{"start":{"line":281,"column":4},"end":{"line":297,"column":5}}],"line":281},"18":{"loc":{"start":{"line":309,"column":4},"end":{"line":322,"column":5}},"type":"if","locations":[{"start":{"line":309,"column":4},"end":{"line":322,"column":5}},{"start":{"line":309,"column":4},"end":{"line":322,"column":5}}],"line":309}},"s":{"0":2,"1":2,"2":2,"3":0,"4":0,"5":0,"6":0,"7":0,"8":0,"9":0,"10":0,"11":0,"12":0,"13":0,"14":0,"15":0,"16":2,"17":2,"18":0,"19":0,"20":0,"21":0,"22":0,"23":0,"24":0,"25":0,"26":0,"27":0,"28":0,"29":0,"30":0,"31":0,"32":0,"33":0,"34":0,"35":0,"36":0,"37":0,"38":0,"39":0,"40":2,"41":2,"42":0,"43":0,"44":0,"45":0,"46":0,"47":2,"48":2,"49":0,"50":0,"51":0,"52":0,"53":0,"54":0,"55":0,"56":0,"57":0,"58":0,"59":0,"60":0,"61":0,"62":0,"63":0,"64":0,"65":0,"66":0,"67":0,"68":0,"69":0,"70":2,"71":2,"72":0,"73":0,"74":0,"75":0,"76":0,"77":0,"78":0,"79":0,"80":0,"81":0,"82":0,"83":0,"84":0,"85":0,"86":0,"87":0,"88":0,"89":0,"90":0,"91":0,"92":0,"93":0,"94":0,"95":0,"96":0,"97":0,"98":0,"99":0,"100":0,"101":0,"102":0,"103":0,"104":0,"105":2,"106":2,"107":0,"108":0,"109":0,"110":0,"111":0,"112":0,"113":0,"114":2,"115":2,"116":0,"117":0,"118":0,"119":0,"120":0,"121":0,"122":2},"f":{"0":0,"1":0,"2":0,"3":0,"4":0,"5":0,"6":0,"7":0,"8":0,"9":0,"10":0,"11":0,"12":0,"13":0,"14":0,"15":0,"16":0,"17":0,"18":0,"19":0,"20":0,"21":0},"b":{"0":[0,0],"1":[0,0],"2":[0,0],"3":[0,0,0,0,0],"4":[0,0],"5":[0,0],"6":[0,0],"7":[0,0],"8":[0,0],"9":[0,0],"10":[0,0],"11":[0,0],"12":[0,0],"13":[0,0],"14":[0,0],"15":[0,0],"16":[0,0],"17":[0,0],"18":[0,0]},"_coverageSchema":"332fd63041d2c1bcb487cc26dd0d5f7d97098a6c","hash":"6de09e4aa23f5ec62e528af06fca83ecc651f363"}
,"/Users/mohamadasaker/Desktop/CPEN321/Nexus/Nexus/actions/ChatDashActions.js": {"path":"/Users/mohamadasaker/Desktop/CPEN321/Nexus/Nexus/actions/ChatDashActions.js","statementMap":{"0":{"start":{"line":9,"column":35},"end":{"line":25,"column":1}},"1":{"start":{"line":10,"column":4},"end":{"line":24,"column":5}},"2":{"start":{"line":11,"column":8},"end":{"line":11,"column":50}},"3":{"start":{"line":12,"column":8},"end":{"line":23,"column":9}},"4":{"start":{"line":13,"column":12},"end":{"line":20,"column":14}},"5":{"start":{"line":14,"column":32},"end":{"line":17,"column":14}},"6":{"start":{"line":19,"column":16},"end":{"line":19,"column":59}},"7":{"start":{"line":22,"column":12},"end":{"line":22,"column":56}},"8":{"start":{"line":27,"column":31},"end":{"line":39,"column":1}},"9":{"start":{"line":28,"column":4},"end":{"line":38,"column":5}},"10":{"start":{"line":29,"column":8},"end":{"line":29,"column":35}},"11":{"start":{"line":30,"column":8},"end":{"line":37,"column":11}},"12":{"start":{"line":32,"column":12},"end":{"line":32,"column":38}},"13":{"start":{"line":36,"column":12},"end":{"line":36,"column":31}}},"fnMap":{"0":{"name":"(anonymous_0)","decl":{"start":{"line":9,"column":35},"end":{"line":9,"column":36}},"loc":{"start":{"line":9,"column":62},"end":{"line":25,"column":1}},"line":9},"1":{"name":"(anonymous_1)","decl":{"start":{"line":10,"column":11},"end":{"line":10,"column":12}},"loc":{"start":{"line":10,"column":25},"end":{"line":24,"column":5}},"line":10},"2":{"name":"(anonymous_2)","decl":{"start":{"line":14,"column":18},"end":{"line":14,"column":19}},"loc":{"start":{"line":14,"column":32},"end":{"line":17,"column":14}},"line":14},"3":{"name":"(anonymous_3)","decl":{"start":{"line":18,"column":19},"end":{"line":18,"column":20}},"loc":{"start":{"line":18,"column":30},"end":{"line":20,"column":13}},"line":18},"4":{"name":"(anonymous_4)","decl":{"start":{"line":27,"column":31},"end":{"line":27,"column":32}},"loc":{"start":{"line":27,"column":57},"end":{"line":39,"column":1}},"line":27},"5":{"name":"(anonymous_5)","decl":{"start":{"line":28,"column":11},"end":{"line":28,"column":12}},"loc":{"start":{"line":28,"column":17},"end":{"line":38,"column":5}},"line":28},"6":{"name":"(anonymous_6)","decl":{"start":{"line":31,"column":14},"end":{"line":31,"column":15}},"loc":{"start":{"line":31,"column":32},"end":{"line":33,"column":9}},"line":31},"7":{"name":"(anonymous_7)","decl":{"start":{"line":34,"column":15},"end":{"line":34,"column":16}},"loc":{"start":{"line":34,"column":26},"end":{"line":37,"column":9}},"line":34}},"branchMap":{"0":{"loc":{"start":{"line":12,"column":8},"end":{"line":23,"column":9}},"type":"if","locations":[{"start":{"line":12,"column":8},"end":{"line":23,"column":9}},{"start":{"line":12,"column":8},"end":{"line":23,"column":9}}],"line":12}},"s":{"0":2,"1":0,"2":0,"3":0,"4":0,"5":0,"6":0,"7":0,"8":2,"9":0,"10":0,"11":0,"12":0,"13":0},"f":{"0":0,"1":0,"2":0,"3":0,"4":0,"5":0,"6":0,"7":0},"b":{"0":[0,0]},"_coverageSchema":"332fd63041d2c1bcb487cc26dd0d5f7d97098a6c","hash":"af1f200c85ff5bf183b2b4bf893e4adf2446f289"}
,"/Users/mohamadasaker/Desktop/CPEN321/Nexus/Nexus/actions/LoginActions.js": {"path":"/Users/mohamadasaker/Desktop/CPEN321/Nexus/Nexus/actions/LoginActions.js","statementMap":{"0":{"start":{"line":8,"column":29},"end":{"line":28,"column":1}},"1":{"start":{"line":9,"column":4},"end":{"line":27,"column":5}},"2":{"start":{"line":10,"column":8},"end":{"line":26,"column":11}},"3":{"start":{"line":13,"column":12},"end":{"line":13,"column":41}},"4":{"start":{"line":14,"column":12},"end":{"line":17,"column":14}},"5":{"start":{"line":21,"column":12},"end":{"line":21,"column":31}},"6":{"start":{"line":22,"column":12},"end":{"line":25,"column":14}}},"fnMap":{"0":{"name":"(anonymous_0)","decl":{"start":{"line":8,"column":29},"end":{"line":8,"column":30}},"loc":{"start":{"line":8,"column":55},"end":{"line":28,"column":1}},"line":8},"1":{"name":"(anonymous_1)","decl":{"start":{"line":9,"column":11},"end":{"line":9,"column":12}},"loc":{"start":{"line":9,"column":25},"end":{"line":27,"column":5}},"line":9},"2":{"name":"(anonymous_2)","decl":{"start":{"line":11,"column":14},"end":{"line":11,"column":15}},"loc":{"start":{"line":11,"column":24},"end":{"line":18,"column":9}},"line":11},"3":{"name":"(anonymous_3)","decl":{"start":{"line":19,"column":15},"end":{"line":19,"column":16}},"loc":{"start":{"line":19,"column":26},"end":{"line":26,"column":9}},"line":19}},"branchMap":{},"s":{"0":2,"1":0,"2":0,"3":0,"4":0,"5":0,"6":0},"f":{"0":0,"1":0,"2":0,"3":0},"b":{},"_coverageSchema":"332fd63041d2c1bcb487cc26dd0d5f7d97098a6c","hash":"978aede1e96d453554100b05600ee66dc595f1b8"}
,"/Users/mohamadasaker/Desktop/CPEN321/Nexus/Nexus/actions/SettingsActions.js": {"path":"/Users/mohamadasaker/Desktop/CPEN321/Nexus/Nexus/actions/SettingsActions.js","statementMap":{"0":{"start":{"line":5,"column":30},"end":{"line":10,"column":1}},"1":{"start":{"line":6,"column":4},"end":{"line":9,"column":5}},"2":{"start":{"line":7,"column":8},"end":{"line":8,"column":60}},"3":{"start":{"line":8,"column":20},"end":{"line":8,"column":58}}},"fnMap":{"0":{"name":"(anonymous_0)","decl":{"start":{"line":5,"column":30},"end":{"line":5,"column":31}},"loc":{"start":{"line":5,"column":36},"end":{"line":10,"column":1}},"line":5},"1":{"name":"(anonymous_1)","decl":{"start":{"line":6,"column":11},"end":{"line":6,"column":12}},"loc":{"start":{"line":6,"column":25},"end":{"line":9,"column":5}},"line":6},"2":{"name":"(anonymous_2)","decl":{"start":{"line":8,"column":14},"end":{"line":8,"column":15}},"loc":{"start":{"line":8,"column":20},"end":{"line":8,"column":58}},"line":8}},"branchMap":{},"s":{"0":2,"1":0,"2":0,"3":0},"f":{"0":0,"1":0,"2":0},"b":{},"_coverageSchema":"332fd63041d2c1bcb487cc26dd0d5f7d97098a6c","hash":"a677fef15472c3793312fe534fcdbcc3dc17e63b"}
,"/Users/mohamadasaker/Desktop/CPEN321/Nexus/Nexus/actions/index.js": {"path":"/Users/mohamadasaker/Desktop/CPEN321/Nexus/Nexus/actions/index.js","statementMap":{},"fnMap":{},"branchMap":{},"s":{},"f":{},"b":{},"_coverageSchema":"332fd63041d2c1bcb487cc26dd0d5f7d97098a6c","hash":"ac79cbe4bf4f224aa4c4dc343b4cd84b64fb081b"}
,"/Users/mohamadasaker/Desktop/CPEN321/Nexus/Nexus/actions/types.js": {"path":"/Users/mohamadasaker/Desktop/CPEN321/Nexus/Nexus/actions/types.js","statementMap":{"0":{"start":{"line":1,"column":29},"end":{"line":1,"column":44}},"1":{"start":{"line":2,"column":26},"end":{"line":2,"column":38}},"2":{"start":{"line":4,"column":34},"end":{"line":4,"column":54}},"3":{"start":{"line":6,"column":42},"end":{"line":6,"column":69}},"4":{"start":{"line":7,"column":39},"end":{"line":7,"column":63}},"5":{"start":{"line":9,"column":38},"end":{"line":9,"column":62}},"6":{"start":{"line":10,"column":35},"end":{"line":10,"column":59}}},"fnMap":{},"branchMap":{},"s":{"0":2,"1":2,"2":2,"3":2,"4":2,"5":2,"6":2},"f":{},"b":{},"_coverageSchema":"332fd63041d2c1bcb487cc26dd0d5f7d97098a6c","hash":"4760d6f54f62bc2e20081c6f0b32be62d190fbb3"}
,"/Users/mohamadasaker/Desktop/CPEN321/Nexus/Nexus/components/Background.js": {"path":"/Users/mohamadasaker/Desktop/CPEN321/Nexus/Nexus/components/Background.js","statementMap":{"0":{"start":{"line":5,"column":14},"end":{"line":5,"column":44}},"1":{"start":{"line":6,"column":15},"end":{"line":6,"column":46}},"2":{"start":{"line":10,"column":8},"end":{"line":56,"column":10}},"3":{"start":{"line":60,"column":15},"end":{"line":106,"column":4}}},"fnMap":{"0":{"name":"(anonymous_0)","decl":{"start":{"line":9,"column":4},"end":{"line":9,"column":5}},"loc":{"start":{"line":9,"column":13},"end":{"line":57,"column":3}},"line":9}},"branchMap":{"0":{"loc":{"start":{"line":45,"column":12},"end":{"line":52,"column":24}},"type":"cond-expr","locations":[{"start":{"line":47,"column":10},"end":{"line":52,"column":17}},{"start":{"line":52,"column":20},"end":{"line":52,"column":24}}],"line":45}},"s":{"0":3,"1":3,"2":0,"3":3},"f":{"0":0},"b":{"0":[0,0]},"_coverageSchema":"332fd63041d2c1bcb487cc26dd0d5f7d97098a6c","hash":"7c0e9c747cc88a8d0b0a21dab46a4d1e584b5c27"}
,"/Users/mohamadasaker/Desktop/CPEN321/Nexus/Nexus/screens/ChatScreen.js": {"path":"/Users/mohamadasaker/Desktop/CPEN321/Nexus/Nexus/screens/ChatScreen.js","statementMap":{"0":{"start":{"line":27,"column":14},"end":{"line":27,"column":44}},"1":{"start":{"line":28,"column":15},"end":{"line":28,"column":46}},"2":{"start":{"line":30,"column":0},"end":{"line":30,"column":31}},"3":{"start":{"line":34,"column":19},"end":{"line":34,"column":28}},"4":{"start":{"line":35,"column":23},"end":{"line":35,"column":32}},"5":{"start":{"line":47,"column":8},"end":{"line":47,"column":20}},"6":{"start":{"line":48,"column":8},"end":{"line":48,"column":62}},"7":{"start":{"line":49,"column":8},"end":{"line":49,"column":54}},"8":{"start":{"line":50,"column":8},"end":{"line":50,"column":126}},"9":{"start":{"line":51,"column":8},"end":{"line":51,"column":47}},"10":{"start":{"line":55,"column":8},"end":{"line":55,"column":31}},"11":{"start":{"line":56,"column":31},"end":{"line":56,"column":65}},"12":{"start":{"line":57,"column":8},"end":{"line":67,"column":9}},"13":{"start":{"line":58,"column":12},"end":{"line":66,"column":13}},"14":{"start":{"line":59,"column":33},"end":{"line":59,"column":35}},"15":{"start":{"line":60,"column":16},"end":{"line":60,"column":38}},"16":{"start":{"line":61,"column":36},"end":{"line":61,"column":72}},"17":{"start":{"line":62,"column":16},"end":{"line":62,"column":56}},"18":{"start":{"line":63,"column":16},"end":{"line":65,"column":17}},"19":{"start":{"line":64,"column":20},"end":{"line":64,"column":56}},"20":{"start":{"line":68,"column":8},"end":{"line":68,"column":69}},"21":{"start":{"line":70,"column":34},"end":{"line":70,"column":71}},"22":{"start":{"line":71,"column":8},"end":{"line":74,"column":9}},"23":{"start":{"line":72,"column":12},"end":{"line":72,"column":40}},"24":{"start":{"line":73,"column":12},"end":{"line":73,"column":29}},"25":{"start":{"line":75,"column":8},"end":{"line":75,"column":73}},"26":{"start":{"line":79,"column":8},"end":{"line":79,"column":83}},"27":{"start":{"line":80,"column":8},"end":{"line":80,"column":75}},"28":{"start":{"line":82,"column":8},"end":{"line":99,"column":10}},"29":{"start":{"line":84,"column":12},"end":{"line":87,"column":13}},"30":{"start":{"line":85,"column":16},"end":{"line":85,"column":53}},"31":{"start":{"line":86,"column":16},"end":{"line":86,"column":35}},"32":{"start":{"line":89,"column":12},"end":{"line":89,"column":68}},"33":{"start":{"line":91,"column":12},"end":{"line":91,"column":46}},"34":{"start":{"line":93,"column":12},"end":{"line":96,"column":148}},"35":{"start":{"line":94,"column":16},"end":{"line":94,"column":53}},"36":{"start":{"line":96,"column":16},"end":{"line":96,"column":148}},"37":{"start":{"line":98,"column":12},"end":{"line":98,"column":42}},"38":{"start":{"line":103,"column":8},"end":{"line":106,"column":9}},"39":{"start":{"line":104,"column":12},"end":{"line":104,"column":34}},"40":{"start":{"line":105,"column":12},"end":{"line":105,"column":18}},"41":{"start":{"line":107,"column":8},"end":{"line":115,"column":10}},"42":{"start":{"line":108,"column":12},"end":{"line":111,"column":13}},"43":{"start":{"line":109,"column":16},"end":{"line":109,"column":36}},"44":{"start":{"line":110,"column":16},"end":{"line":110,"column":22}},"45":{"start":{"line":112,"column":12},"end":{"line":112,"column":33}},"46":{"start":{"line":113,"column":29},"end":{"line":113,"column":77}},"47":{"start":{"line":114,"column":12},"end":{"line":114,"column":49}},"48":{"start":{"line":119,"column":8},"end":{"line":122,"column":9}},"49":{"start":{"line":120,"column":12},"end":{"line":120,"column":83}},"50":{"start":{"line":121,"column":12},"end":{"line":121,"column":36}},"51":{"start":{"line":124,"column":8},"end":{"line":142,"column":9}},"52":{"start":{"line":125,"column":12},"end":{"line":127,"column":13}},"53":{"start":{"line":126,"column":16},"end":{"line":126,"column":22}},"54":{"start":{"line":128,"column":12},"end":{"line":141,"column":14}},"55":{"start":{"line":129,"column":12},"end":{"line":132,"column":13}},"56":{"start":{"line":130,"column":16},"end":{"line":130,"column":60}},"57":{"start":{"line":131,"column":16},"end":{"line":131,"column":22}},"58":{"start":{"line":134,"column":29},"end":{"line":134,"column":31}},"59":{"start":{"line":135,"column":12},"end":{"line":137,"column":13}},"60":{"start":{"line":136,"column":16},"end":{"line":136,"column":42}},"61":{"start":{"line":139,"column":35},"end":{"line":139,"column":81}},"62":{"start":{"line":140,"column":12},"end":{"line":140,"column":55}},"63":{"start":{"line":146,"column":26},"end":{"line":146,"column":62}},"64":{"start":{"line":147,"column":8},"end":{"line":159,"column":9}},"65":{"start":{"line":148,"column":12},"end":{"line":158,"column":13}},"66":{"start":{"line":160,"column":8},"end":{"line":170,"column":9}},"67":{"start":{"line":174,"column":8},"end":{"line":212,"column":9}},"68":{"start":{"line":185,"column":36},"end":{"line":185,"column":65}},"69":{"start":{"line":187,"column":42},"end":{"line":187,"column":66}},"70":{"start":{"line":198,"column":48},"end":{"line":198,"column":71}},"71":{"start":{"line":207,"column":39},"end":{"line":207,"column":57}},"72":{"start":{"line":216,"column":15},"end":{"line":271,"column":1}}},"fnMap":{"0":{"name":"(anonymous_0)","decl":{"start":{"line":46,"column":4},"end":{"line":46,"column":5}},"loc":{"start":{"line":46,"column":23},"end":{"line":52,"column":5}},"line":46},"1":{"name":"(anonymous_1)","decl":{"start":{"line":54,"column":4},"end":{"line":54,"column":5}},"loc":{"start":{"line":54,"column":24},"end":{"line":76,"column":5}},"line":54},"2":{"name":"(anonymous_2)","decl":{"start":{"line":57,"column":43},"end":{"line":57,"column":44}},"loc":{"start":{"line":57,"column":73},"end":{"line":67,"column":9}},"line":57},"3":{"name":"(anonymous_3)","decl":{"start":{"line":71,"column":49},"end":{"line":71,"column":50}},"loc":{"start":{"line":71,"column":55},"end":{"line":74,"column":9}},"line":71},"4":{"name":"(anonymous_4)","decl":{"start":{"line":78,"column":4},"end":{"line":78,"column":5}},"loc":{"start":{"line":78,"column":22},"end":{"line":100,"column":5}},"line":78},"5":{"name":"(anonymous_5)","decl":{"start":{"line":82,"column":69},"end":{"line":82,"column":70}},"loc":{"start":{"line":82,"column":89},"end":{"line":99,"column":9}},"line":82},"6":{"name":"(anonymous_6)","decl":{"start":{"line":102,"column":4},"end":{"line":102,"column":5}},"loc":{"start":{"line":102,"column":18},"end":{"line":116,"column":5}},"line":102},"7":{"name":"(anonymous_7)","decl":{"start":{"line":107,"column":69},"end":{"line":107,"column":70}},"loc":{"start":{"line":107,"column":89},"end":{"line":115,"column":9}},"line":107},"8":{"name":"(anonymous_8)","decl":{"start":{"line":118,"column":4},"end":{"line":118,"column":5}},"loc":{"start":{"line":118,"column":31},"end":{"line":143,"column":5}},"line":118},"9":{"name":"(anonymous_9)","decl":{"start":{"line":128,"column":41},"end":{"line":128,"column":42}},"loc":{"start":{"line":128,"column":62},"end":{"line":141,"column":13}},"line":128},"10":{"name":"(anonymous_10)","decl":{"start":{"line":145,"column":4},"end":{"line":145,"column":5}},"loc":{"start":{"line":145,"column":23},"end":{"line":171,"column":5}},"line":145},"11":{"name":"(anonymous_11)","decl":{"start":{"line":173,"column":4},"end":{"line":173,"column":5}},"loc":{"start":{"line":173,"column":13},"end":{"line":213,"column":5}},"line":173},"12":{"name":"(anonymous_12)","decl":{"start":{"line":185,"column":30},"end":{"line":185,"column":31}},"loc":{"start":{"line":185,"column":36},"end":{"line":185,"column":65}},"line":185},"13":{"name":"(anonymous_13)","decl":{"start":{"line":187,"column":28},"end":{"line":187,"column":29}},"loc":{"start":{"line":187,"column":42},"end":{"line":187,"column":66}},"line":187},"14":{"name":"(anonymous_14)","decl":{"start":{"line":198,"column":38},"end":{"line":198,"column":39}},"loc":{"start":{"line":198,"column":48},"end":{"line":198,"column":71}},"line":198},"15":{"name":"(anonymous_15)","decl":{"start":{"line":207,"column":33},"end":{"line":207,"column":34}},"loc":{"start":{"line":207,"column":39},"end":{"line":207,"column":57}},"line":207}},"branchMap":{"0":{"loc":{"start":{"line":58,"column":12},"end":{"line":66,"column":13}},"type":"if","locations":[{"start":{"line":58,"column":12},"end":{"line":66,"column":13}},{"start":{"line":58,"column":12},"end":{"line":66,"column":13}}],"line":58},"1":{"loc":{"start":{"line":63,"column":16},"end":{"line":65,"column":17}},"type":"if","locations":[{"start":{"line":63,"column":16},"end":{"line":65,"column":17}},{"start":{"line":63,"column":16},"end":{"line":65,"column":17}}],"line":63},"2":{"loc":{"start":{"line":84,"column":12},"end":{"line":87,"column":13}},"type":"if","locations":[{"start":{"line":84,"column":12},"end":{"line":87,"column":13}},{"start":{"line":84,"column":12},"end":{"line":87,"column":13}}],"line":84},"3":{"loc":{"start":{"line":93,"column":12},"end":{"line":96,"column":148}},"type":"if","locations":[{"start":{"line":93,"column":12},"end":{"line":96,"column":148}},{"start":{"line":93,"column":12},"end":{"line":96,"column":148}}],"line":93},"4":{"loc":{"start":{"line":96,"column":40},"end":{"line":96,"column":147}},"type":"cond-expr","locations":[{"start":{"line":96,"column":90},"end":{"line":96,"column":117}},{"start":{"line":96,"column":120},"end":{"line":96,"column":147}}],"line":96},"5":{"loc":{"start":{"line":103,"column":8},"end":{"line":106,"column":9}},"type":"if","locations":[{"start":{"line":103,"column":8},"end":{"line":106,"column":9}},{"start":{"line":103,"column":8},"end":{"line":106,"column":9}}],"line":103},"6":{"loc":{"start":{"line":108,"column":12},"end":{"line":111,"column":13}},"type":"if","locations":[{"start":{"line":108,"column":12},"end":{"line":111,"column":13}},{"start":{"line":108,"column":12},"end":{"line":111,"column":13}}],"line":108},"7":{"loc":{"start":{"line":119,"column":8},"end":{"line":122,"column":9}},"type":"if","locations":[{"start":{"line":119,"column":8},"end":{"line":122,"column":9}},{"start":{"line":119,"column":8},"end":{"line":122,"column":9}}],"line":119},"8":{"loc":{"start":{"line":124,"column":8},"end":{"line":142,"column":9}},"type":"if","locations":[{"start":{"line":124,"column":8},"end":{"line":142,"column":9}},{"start":{"line":124,"column":8},"end":{"line":142,"column":9}}],"line":124},"9":{"loc":{"start":{"line":125,"column":12},"end":{"line":127,"column":13}},"type":"if","locations":[{"start":{"line":125,"column":12},"end":{"line":127,"column":13}},{"start":{"line":125,"column":12},"end":{"line":127,"column":13}}],"line":125},"10":{"loc":{"start":{"line":129,"column":12},"end":{"line":132,"column":13}},"type":"if","locations":[{"start":{"line":129,"column":12},"end":{"line":132,"column":13}},{"start":{"line":129,"column":12},"end":{"line":132,"column":13}}],"line":129},"11":{"loc":{"start":{"line":147,"column":8},"end":{"line":159,"column":9}},"type":"if","locations":[{"start":{"line":147,"column":8},"end":{"line":159,"column":9}},{"start":{"line":147,"column":8},"end":{"line":159,"column":9}}],"line":147}},"s":{"0":1,"1":1,"2":1,"3":1,"4":1,"5":8,"6":8,"7":8,"8":8,"9":8,"10":8,"11":8,"12":8,"13":0,"14":0,"15":0,"16":0,"17":0,"18":0,"19":0,"20":8,"21":8,"22":8,"23":0,"24":0,"25":8,"26":8,"27":8,"28":8,"29":0,"30":0,"31":0,"32":0,"33":0,"34":0,"35":0,"36":0,"37":0,"38":1,"39":1,"40":1,"41":0,"42":0,"43":0,"44":0,"45":0,"46":0,"47":0,"48":0,"49":0,"50":0,"51":0,"52":0,"53":0,"54":0,"55":0,"56":0,"57":0,"58":0,"59":0,"60":0,"61":0,"62":0,"63":2,"64":2,"65":1,"66":1,"67":9,"68":0,"69":0,"70":1,"71":2,"72":1},"f":{"0":8,"1":8,"2":0,"3":0,"4":8,"5":0,"6":1,"7":0,"8":0,"9":0,"10":2,"11":9,"12":0,"13":0,"14":1,"15":2},"b":{"0":[0,0],"1":[0,0],"2":[0,0],"3":[0,0],"4":[0,0],"5":[1,0],"6":[0,0],"7":[0,0],"8":[0,0],"9":[0,0],"10":[0,0],"11":[1,1]},"_coverageSchema":"332fd63041d2c1bcb487cc26dd0d5f7d97098a6c","hash":"db81370b171888d865bf5e2d8cecf453df0f4cb3"}
,"/Users/mohamadasaker/Desktop/CPEN321/Nexus/Nexus/screens/Login.js": {"path":"/Users/mohamadasaker/Desktop/CPEN321/Nexus/Nexus/screens/Login.js","statementMap":{"0":{"start":{"line":21,"column":14},"end":{"line":21,"column":44}},"1":{"start":{"line":22,"column":15},"end":{"line":22,"column":46}},"2":{"start":{"line":24,"column":21},"end":{"line":24,"column":49}},"3":{"start":{"line":36,"column":4},"end":{"line":36,"column":17}},"4":{"start":{"line":37,"column":4},"end":{"line":42,"column":6}},"5":{"start":{"line":47,"column":4},"end":{"line":47,"column":38}},"6":{"start":{"line":51,"column":4},"end":{"line":51,"column":38}},"7":{"start":{"line":55,"column":4},"end":{"line":145,"column":6}},"8":{"start":{"line":74,"column":39},"end":{"line":74,"column":106}},"9":{"start":{"line":118,"column":37},"end":{"line":118,"column":51}},"10":{"start":{"line":149,"column":4},"end":{"line":168,"column":5}},"11":{"start":{"line":156,"column":10},"end":{"line":158,"column":8}},"12":{"start":{"line":159,"column":6},"end":{"line":165,"column":7}},"13":{"start":{"line":161,"column":25},"end":{"line":161,"column":91}},"14":{"start":{"line":162,"column":8},"end":{"line":162,"column":73}},"15":{"start":{"line":167,"column":6},"end":{"line":167,"column":48}},"16":{"start":{"line":173,"column":15},"end":{"line":204,"column":2}}},"fnMap":{"0":{"name":"(anonymous_0)","decl":{"start":{"line":35,"column":2},"end":{"line":35,"column":3}},"loc":{"start":{"line":35,"column":21},"end":{"line":44,"column":3}},"line":35},"1":{"name":"(anonymous_1)","decl":{"start":{"line":46,"column":19},"end":{"line":46,"column":20}},"loc":{"start":{"line":46,"column":27},"end":{"line":48,"column":3}},"line":46},"2":{"name":"(anonymous_2)","decl":{"start":{"line":50,"column":19},"end":{"line":50,"column":20}},"loc":{"start":{"line":50,"column":27},"end":{"line":52,"column":3}},"line":50},"3":{"name":"(anonymous_3)","decl":{"start":{"line":54,"column":2},"end":{"line":54,"column":3}},"loc":{"start":{"line":54,"column":11},"end":{"line":146,"column":3}},"line":54},"4":{"name":"(anonymous_4)","decl":{"start":{"line":74,"column":35},"end":{"line":74,"column":36}},"loc":{"start":{"line":74,"column":39},"end":{"line":74,"column":106}},"line":74},"5":{"name":"(anonymous_5)","decl":{"start":{"line":118,"column":31},"end":{"line":118,"column":32}},"loc":{"start":{"line":118,"column":37},"end":{"line":118,"column":51}},"line":118},"6":{"name":"(anonymous_6)","decl":{"start":{"line":148,"column":12},"end":{"line":148,"column":13}},"loc":{"start":{"line":148,"column":24},"end":{"line":169,"column":3}},"line":148}},"branchMap":{"0":{"loc":{"start":{"line":159,"column":6},"end":{"line":165,"column":7}},"type":"if","locations":[{"start":{"line":159,"column":6},"end":{"line":165,"column":7}},{"start":{"line":159,"column":6},"end":{"line":165,"column":7}}],"line":159}},"s":{"0":1,"1":1,"2":1,"3":7,"4":7,"5":2,"6":2,"7":11,"8":1,"9":1,"10":0,"11":0,"12":0,"13":0,"14":0,"15":0,"16":1},"f":{"0":7,"1":2,"2":2,"3":11,"4":1,"5":1,"6":0},"b":{"0":[0,0]},"_coverageSchema":"332fd63041d2c1bcb487cc26dd0d5f7d97098a6c","hash":"db0cd4098e192b1112a71bb09e80f9b320b94d6c"}
,"/Users/mohamadasaker/Desktop/CPEN321/Nexus/Nexus/screens/Register.js": {"path":"/Users/mohamadasaker/Desktop/CPEN321/Nexus/Nexus/screens/Register.js","statementMap":{"0":{"start":{"line":6,"column":14},"end":{"line":6,"column":44}},"1":{"start":{"line":7,"column":15},"end":{"line":7,"column":46}},"2":{"start":{"line":9,"column":12},"end":{"line":9,"column":40}},"3":{"start":{"line":23,"column":4},"end":{"line":23,"column":31}},"4":{"start":{"line":28,"column":4},"end":{"line":55,"column":6}},"5":{"start":{"line":36,"column":73},"end":{"line":36,"column":107}},"6":{"start":{"line":40,"column":88},"end":{"line":40,"column":122}},"7":{"start":{"line":44,"column":88},"end":{"line":44,"column":124}},"8":{"start":{"line":47,"column":65},"end":{"line":47,"column":108}},"9":{"start":{"line":60,"column":15},"end":{"line":85,"column":2}}},"fnMap":{"0":{"name":"(anonymous_0)","decl":{"start":{"line":22,"column":17},"end":{"line":22,"column":18}},"loc":{"start":{"line":22,"column":29},"end":{"line":24,"column":4}},"line":22},"1":{"name":"(anonymous_1)","decl":{"start":{"line":26,"column":2},"end":{"line":26,"column":3}},"loc":{"start":{"line":26,"column":11},"end":{"line":56,"column":3}},"line":26},"2":{"name":"(anonymous_2)","decl":{"start":{"line":36,"column":65},"end":{"line":36,"column":66}},"loc":{"start":{"line":36,"column":73},"end":{"line":36,"column":107}},"line":36},"3":{"name":"(anonymous_3)","decl":{"start":{"line":40,"column":80},"end":{"line":40,"column":81}},"loc":{"start":{"line":40,"column":88},"end":{"line":40,"column":122}},"line":40},"4":{"name":"(anonymous_4)","decl":{"start":{"line":44,"column":80},"end":{"line":44,"column":81}},"loc":{"start":{"line":44,"column":88},"end":{"line":44,"column":124}},"line":44},"5":{"name":"(anonymous_5)","decl":{"start":{"line":47,"column":61},"end":{"line":47,"column":62}},"loc":{"start":{"line":47,"column":65},"end":{"line":47,"column":108}},"line":47}},"branchMap":{},"s":{"0":2,"1":2,"2":2,"3":4,"4":6,"5":1,"6":1,"7":1,"8":1,"9":2},"f":{"0":4,"1":6,"2":1,"3":1,"4":1,"5":1},"b":{},"_coverageSchema":"332fd63041d2c1bcb487cc26dd0d5f7d97098a6c","hash":"2c27831883d9d432217b0471538957eb3109414c"}
,"/Users/mohamadasaker/Desktop/CPEN321/Nexus/Nexus/screens/SplashScreen.js": {"path":"/Users/mohamadasaker/Desktop/CPEN321/Nexus/Nexus/screens/SplashScreen.js","statementMap":{"0":{"start":{"line":11,"column":14},"end":{"line":11,"column":44}},"1":{"start":{"line":12,"column":15},"end":{"line":12,"column":46}},"2":{"start":{"line":21,"column":4},"end":{"line":21,"column":17}},"3":{"start":{"line":25,"column":4},"end":{"line":45,"column":6}},"4":{"start":{"line":32,"column":65},"end":{"line":32,"column":77}},"5":{"start":{"line":37,"column":65},"end":{"line":37,"column":80}},"6":{"start":{"line":49,"column":4},"end":{"line":49,"column":47}},"7":{"start":{"line":53,"column":4},"end":{"line":53,"column":44}},"8":{"start":{"line":57,"column":15},"end":{"line":80,"column":32}}},"fnMap":{"0":{"name":"(anonymous_0)","decl":{"start":{"line":20,"column":2},"end":{"line":20,"column":3}},"loc":{"start":{"line":20,"column":21},"end":{"line":22,"column":3}},"line":20},"1":{"name":"(anonymous_1)","decl":{"start":{"line":24,"column":2},"end":{"line":24,"column":3}},"loc":{"start":{"line":24,"column":11},"end":{"line":46,"column":3}},"line":24},"2":{"name":"(anonymous_2)","decl":{"start":{"line":32,"column":59},"end":{"line":32,"column":60}},"loc":{"start":{"line":32,"column":65},"end":{"line":32,"column":77}},"line":32},"3":{"name":"(anonymous_3)","decl":{"start":{"line":37,"column":59},"end":{"line":37,"column":60}},"loc":{"start":{"line":37,"column":65},"end":{"line":37,"column":80}},"line":37},"4":{"name":"(anonymous_4)","decl":{"start":{"line":48,"column":13},"end":{"line":48,"column":14}},"loc":{"start":{"line":48,"column":25},"end":{"line":50,"column":3}},"line":48},"5":{"name":"(anonymous_5)","decl":{"start":{"line":52,"column":10},"end":{"line":52,"column":11}},"loc":{"start":{"line":52,"column":22},"end":{"line":54,"column":3}},"line":52}},"branchMap":{},"s":{"0":2,"1":2,"2":2,"3":2,"4":1,"5":1,"6":0,"7":0,"8":2},"f":{"0":2,"1":2,"2":1,"3":1,"4":0,"5":0},"b":{},"_coverageSchema":"332fd63041d2c1bcb487cc26dd0d5f7d97098a6c","hash":"a9e7ea5b488c72c14a3037d0fbfbb870af1c06ea"}
,"/Users/mohamadasaker/Desktop/CPEN321/Nexus/Nexus/sendbirdActions/groupChannel.js": {"path":"/Users/mohamadasaker/Desktop/CPEN321/Nexus/Nexus/sendbirdActions/groupChannel.js","statementMap":{"0":{"start":{"line":4,"column":31},"end":{"line":22,"column":1}},"1":{"start":{"line":5,"column":4},"end":{"line":21,"column":7}},"2":{"start":{"line":6,"column":19},"end":{"line":6,"column":41}},"3":{"start":{"line":7,"column":8},"end":{"line":20,"column":9}},"4":{"start":{"line":8,"column":12},"end":{"line":17,"column":15}},"5":{"start":{"line":9,"column":16},"end":{"line":16,"column":17}},"6":{"start":{"line":10,"column":20},"end":{"line":10,"column":57}},"7":{"start":{"line":11,"column":20},"end":{"line":11,"column":39}},"8":{"start":{"line":12,"column":20},"end":{"line":12,"column":69}},"9":{"start":{"line":14,"column":20},"end":{"line":14,"column":57}},"10":{"start":{"line":15,"column":20},"end":{"line":15,"column":42}},"11":{"start":{"line":19,"column":12},"end":{"line":19,"column":53}},"12":{"start":{"line":24,"column":45},"end":{"line":30,"column":1}},"13":{"start":{"line":25,"column":15},"end":{"line":25,"column":37}},"14":{"start":{"line":26,"column":4},"end":{"line":29,"column":42}},"15":{"start":{"line":27,"column":8},"end":{"line":27,"column":63}},"16":{"start":{"line":29,"column":8},"end":{"line":29,"column":42}},"17":{"start":{"line":33,"column":29},"end":{"line":43,"column":1}},"18":{"start":{"line":34,"column":4},"end":{"line":42,"column":7}},"19":{"start":{"line":35,"column":8},"end":{"line":41,"column":11}},"20":{"start":{"line":36,"column":12},"end":{"line":40,"column":13}},"21":{"start":{"line":37,"column":16},"end":{"line":37,"column":58}},"22":{"start":{"line":39,"column":16},"end":{"line":39,"column":37}}},"fnMap":{"0":{"name":"(anonymous_0)","decl":{"start":{"line":4,"column":31},"end":{"line":4,"column":32}},"loc":{"start":{"line":4,"column":57},"end":{"line":22,"column":1}},"line":4},"1":{"name":"(anonymous_1)","decl":{"start":{"line":5,"column":23},"end":{"line":5,"column":24}},"loc":{"start":{"line":5,"column":44},"end":{"line":21,"column":5}},"line":5},"2":{"name":"(anonymous_2)","decl":{"start":{"line":8,"column":99},"end":{"line":8,"column":100}},"loc":{"start":{"line":8,"column":124},"end":{"line":17,"column":13}},"line":8},"3":{"name":"(anonymous_3)","decl":{"start":{"line":24,"column":45},"end":{"line":24,"column":46}},"loc":{"start":{"line":24,"column":51},"end":{"line":30,"column":1}},"line":24},"4":{"name":"(anonymous_4)","decl":{"start":{"line":33,"column":29},"end":{"line":33,"column":30}},"loc":{"start":{"line":33,"column":51},"end":{"line":43,"column":1}},"line":33},"5":{"name":"(anonymous_5)","decl":{"start":{"line":34,"column":23},"end":{"line":34,"column":24}},"loc":{"start":{"line":34,"column":44},"end":{"line":42,"column":5}},"line":34},"6":{"name":"(anonymous_6)","decl":{"start":{"line":35,"column":30},"end":{"line":35,"column":31}},"loc":{"start":{"line":35,"column":58},"end":{"line":41,"column":9}},"line":35}},"branchMap":{"0":{"loc":{"start":{"line":7,"column":8},"end":{"line":20,"column":9}},"type":"if","locations":[{"start":{"line":7,"column":8},"end":{"line":20,"column":9}},{"start":{"line":7,"column":8},"end":{"line":20,"column":9}}],"line":7},"1":{"loc":{"start":{"line":9,"column":16},"end":{"line":16,"column":17}},"type":"if","locations":[{"start":{"line":9,"column":16},"end":{"line":16,"column":17}},{"start":{"line":9,"column":16},"end":{"line":16,"column":17}}],"line":9},"2":{"loc":{"start":{"line":26,"column":4},"end":{"line":29,"column":42}},"type":"if","locations":[{"start":{"line":26,"column":4},"end":{"line":29,"column":42}},{"start":{"line":26,"column":4},"end":{"line":29,"column":42}}],"line":26},"3":{"loc":{"start":{"line":36,"column":12},"end":{"line":40,"column":13}},"type":"if","locations":[{"start":{"line":36,"column":12},"end":{"line":40,"column":13}},{"start":{"line":36,"column":12},"end":{"line":40,"column":13}}],"line":36}},"s":{"0":2,"1":0,"2":0,"3":0,"4":0,"5":0,"6":0,"7":0,"8":0,"9":0,"10":0,"11":0,"12":2,"13":0,"14":0,"15":0,"16":0,"17":2,"18":0,"19":0,"20":0,"21":0,"22":0},"f":{"0":0,"1":0,"2":0,"3":0,"4":0,"5":0,"6":0},"b":{"0":[0,0],"1":[0,0],"2":[0,0],"3":[0,0]},"_coverageSchema":"332fd63041d2c1bcb487cc26dd0d5f7d97098a6c","hash":"03f9fed0a6dd1b9d2555dd27df68c3810ff8630b"}
,"/Users/mohamadasaker/Desktop/CPEN321/Nexus/Nexus/sendbirdActions/index.js": {"path":"/Users/mohamadasaker/Desktop/CPEN321/Nexus/Nexus/sendbirdActions/index.js","statementMap":{},"fnMap":{},"branchMap":{},"s":{},"f":{},"b":{},"_coverageSchema":"332fd63041d2c1bcb487cc26dd0d5f7d97098a6c","hash":"bf8d494bd868dd905b54b2d08fd8b27be4dac56a"}
,"/Users/mohamadasaker/Desktop/CPEN321/Nexus/Nexus/sendbirdActions/user.js": {"path":"/Users/mohamadasaker/Desktop/CPEN321/Nexus/Nexus/sendbirdActions/user.js","statementMap":{"0":{"start":{"line":3,"column":15},"end":{"line":3,"column":53}},"1":{"start":{"line":6,"column":25},"end":{"line":29,"column":1}},"2":{"start":{"line":7,"column":4},"end":{"line":28,"column":6}},"3":{"start":{"line":9,"column":19},"end":{"line":9,"column":52}},"4":{"start":{"line":11,"column":8},"end":{"line":27,"column":10}},"5":{"start":{"line":13,"column":12},"end":{"line":26,"column":13}},"6":{"start":{"line":14,"column":16},"end":{"line":14,"column":49}},"7":{"start":{"line":19,"column":16},"end":{"line":25,"column":18}},"8":{"start":{"line":20,"column":20},"end":{"line":24,"column":21}},"9":{"start":{"line":21,"column":24},"end":{"line":21,"column":54}},"10":{"start":{"line":23,"column":24},"end":{"line":23,"column":38}},"11":{"start":{"line":32,"column":28},"end":{"line":43,"column":1}},"12":{"start":{"line":33,"column":4},"end":{"line":42,"column":6}},"13":{"start":{"line":34,"column":19},"end":{"line":34,"column":41}},"14":{"start":{"line":35,"column":8},"end":{"line":41,"column":9}},"15":{"start":{"line":36,"column":12},"end":{"line":38,"column":15}},"16":{"start":{"line":37,"column":16},"end":{"line":37,"column":30}},"17":{"start":{"line":40,"column":12},"end":{"line":40,"column":45}}},"fnMap":{"0":{"name":"(anonymous_0)","decl":{"start":{"line":6,"column":25},"end":{"line":6,"column":26}},"loc":{"start":{"line":6,"column":47},"end":{"line":29,"column":1}},"line":6},"1":{"name":"(anonymous_1)","decl":{"start":{"line":7,"column":23},"end":{"line":7,"column":24}},"loc":{"start":{"line":7,"column":44},"end":{"line":28,"column":5}},"line":7},"2":{"name":"(anonymous_2)","decl":{"start":{"line":11,"column":27},"end":{"line":11,"column":28}},"loc":{"start":{"line":11,"column":44},"end":{"line":27,"column":9}},"line":11},"3":{"name":"(anonymous_3)","decl":{"start":{"line":19,"column":57},"end":{"line":19,"column":58}},"loc":{"start":{"line":19,"column":74},"end":{"line":25,"column":17}},"line":19},"4":{"name":"(anonymous_4)","decl":{"start":{"line":32,"column":28},"end":{"line":32,"column":29}},"loc":{"start":{"line":32,"column":34},"end":{"line":43,"column":1}},"line":32},"5":{"name":"(anonymous_5)","decl":{"start":{"line":33,"column":23},"end":{"line":33,"column":24}},"loc":{"start":{"line":33,"column":44},"end":{"line":42,"column":5}},"line":33},"6":{"name":"(anonymous_6)","decl":{"start":{"line":36,"column":26},"end":{"line":36,"column":27}},"loc":{"start":{"line":36,"column":32},"end":{"line":38,"column":13}},"line":36}},"branchMap":{"0":{"loc":{"start":{"line":13,"column":12},"end":{"line":26,"column":13}},"type":"if","locations":[{"start":{"line":13,"column":12},"end":{"line":26,"column":13}},{"start":{"line":13,"column":12},"end":{"line":26,"column":13}}],"line":13},"1":{"loc":{"start":{"line":20,"column":20},"end":{"line":24,"column":21}},"type":"if","locations":[{"start":{"line":20,"column":20},"end":{"line":24,"column":21}},{"start":{"line":20,"column":20},"end":{"line":24,"column":21}}],"line":20},"2":{"loc":{"start":{"line":35,"column":8},"end":{"line":41,"column":9}},"type":"if","locations":[{"start":{"line":35,"column":8},"end":{"line":41,"column":9}},{"start":{"line":35,"column":8},"end":{"line":41,"column":9}}],"line":35}},"s":{"0":4,"1":4,"2":8,"3":8,"4":8,"5":8,"6":8,"7":0,"8":0,"9":0,"10":0,"11":4,"12":8,"13":8,"14":8,"15":8,"16":8,"17":0},"f":{"0":8,"1":8,"2":8,"3":0,"4":8,"5":8,"6":8},"b":{"0":[8,0],"1":[0,0],"2":[8,0]},"_coverageSchema":"332fd63041d2c1bcb487cc26dd0d5f7d97098a6c","hash":"41615411f21ff99f9e68ed5c061b219f7468f215"}
}
