TN:
SF:/Users/mohamadasaker/Desktop/CPEN321/Nexus/Nexus/API_calls/APIs.js
FN:10,(anonymous_0)
FN:26,(anonymous_1)
FN:34,(anonymous_2)
FN:52,(anonymous_3)
FN:66,(anonymous_4)
FN:67,(anonymous_5)
FN:102,(anonymous_6)
FN:107,(anonymous_7)
FN:128,(anonymous_8)
FN:161,(anonymous_9)
FN:162,(anonymous_10)
FN:184,(anonymous_11)
FN:195,(anonymous_12)
FN:209,(anonymous_13)
FN:219,(anonymous_14)
FN:229,(anonymous_15)
FN:262,(anonymous_16)
FN:263,(anonymous_17)
FN:279,(anonymous_18)
FN:295,(anonymous_19)
FN:296,(anonymous_20)
FN:302,(anonymous_21)
FNF:22
FNH:0
FNDA:0,(anonymous_0)
FNDA:0,(anonymous_1)
FNDA:0,(anonymous_2)
FNDA:0,(anonymous_3)
FNDA:0,(anonymous_4)
FNDA:0,(anonymous_5)
FNDA:0,(anonymous_6)
FNDA:0,(anonymous_7)
FNDA:0,(anonymous_8)
FNDA:0,(anonymous_9)
FNDA:0,(anonymous_10)
FNDA:0,(anonymous_11)
FNDA:0,(anonymous_12)
FNDA:0,(anonymous_13)
FNDA:0,(anonymous_14)
FNDA:0,(anonymous_15)
FNDA:0,(anonymous_16)
FNDA:0,(anonymous_17)
FNDA:0,(anonymous_18)
FNDA:0,(anonymous_19)
FNDA:0,(anonymous_20)
FNDA:0,(anonymous_21)
DA:5,2
DA:6,2
DA:10,2
DA:11,0
DA:13,0
DA:15,0
DA:22,0
DA:24,0
DA:25,0
DA:28,0
DA:30,0
DA:33,0
DA:34,0
DA:35,0
DA:40,0
DA:46,0
DA:50,2
DA:52,2
DA:54,0
DA:65,0
DA:66,0
DA:70,0
DA:71,0
DA:72,0
DA:73,0
DA:75,0
DA:77,0
DA:79,0
DA:81,0
DA:83,0
DA:86,0
DA:88,0
DA:89,0
DA:91,0
DA:92,0
DA:94,0
DA:95,0
DA:97,0
DA:98,0
DA:102,0
DA:104,2
DA:107,2
DA:109,0
DA:111,0
DA:113,0
DA:114,0
DA:122,0
DA:126,2
DA:128,2
DA:134,0
DA:136,0
DA:139,0
DA:141,0
DA:144,0
DA:148,0
DA:159,0
DA:160,0
DA:161,0
DA:164,0
DA:166,0
DA:167,0
DA:168,0
DA:169,0
DA:172,0
DA:175,0
DA:176,0
DA:178,0
DA:179,0
DA:184,0
DA:188,0
DA:193,2
DA:195,2
DA:197,0
DA:199,0
DA:203,0
DA:204,0
DA:205,0
DA:206,0
DA:207,0
DA:209,0
DA:211,0
DA:212,0
DA:216,0
DA:217,0
DA:219,0
DA:221,0
DA:222,0
DA:226,0
DA:227,0
DA:229,0
DA:231,0
DA:232,0
DA:236,0
DA:237,0
DA:239,0
DA:240,0
DA:241,0
DA:243,0
DA:259,0
DA:261,0
DA:262,0
DA:264,0
DA:266,0
DA:268,0
DA:270,0
DA:277,2
DA:279,2
DA:280,0
DA:281,0
DA:282,0
DA:285,0
DA:295,0
DA:296,0
DA:299,2
DA:302,2
DA:304,0
DA:307,0
DA:309,0
DA:310,0
DA:311,0
DA:321,0
DA:324,2
LF:122
LH:16
BRDA:13,0,0,0
BRDA:13,0,1,0
BRDA:28,1,0,0
BRDA:28,1,1,0
BRDA:70,2,0,0
BRDA:70,2,1,0
BRDA:81,3,0,0
BRDA:81,3,1,0
BRDA:81,3,2,0
BRDA:81,3,3,0
BRDA:81,3,4,0
BRDA:113,4,0,0
BRDA:113,4,1,0
BRDA:134,5,0,0
BRDA:134,5,1,0
BRDA:134,6,0,0
BRDA:134,6,1,0
BRDA:139,7,0,0
BRDA:139,7,1,0
BRDA:139,8,0,0
BRDA:139,8,1,0
BRDA:144,9,0,0
BRDA:144,9,1,0
BRDA:164,10,0,0
BRDA:164,10,1,0
BRDA:172,11,0,0
BRDA:172,11,1,0
BRDA:197,12,0,0
BRDA:197,12,1,0
BRDA:197,13,0,0
BRDA:197,13,1,0
BRDA:211,14,0,0
BRDA:211,14,1,0
BRDA:221,15,0,0
BRDA:221,15,1,0
BRDA:231,16,0,0
BRDA:231,16,1,0
BRDA:281,17,0,0
BRDA:281,17,1,0
BRDA:309,18,0,0
BRDA:309,18,1,0
BRF:41
BRH:0
end_of_record
TN:
SF:/Users/mohamadasaker/Desktop/CPEN321/Nexus/Nexus/actions/ChatDashActions.js
FN:9,(anonymous_0)
FN:10,(anonymous_1)
FN:14,(anonymous_2)
FN:18,(anonymous_3)
FN:27,(anonymous_4)
FN:28,(anonymous_5)
FN:31,(anonymous_6)
FN:34,(anonymous_7)
FNF:8
FNH:0
FNDA:0,(anonymous_0)
FNDA:0,(anonymous_1)
FNDA:0,(anonymous_2)
FNDA:0,(anonymous_3)
FNDA:0,(anonymous_4)
FNDA:0,(anonymous_5)
FNDA:0,(anonymous_6)
FNDA:0,(anonymous_7)
DA:9,2
DA:10,0
DA:11,0
DA:12,0
DA:13,0
DA:14,0
DA:19,0
DA:22,0
DA:27,2
DA:28,0
DA:29,0
DA:30,0
DA:32,0
DA:36,0
LF:14
LH:2
BRDA:12,0,0,0
BRDA:12,0,1,0
BRF:2
BRH:0
end_of_record
TN:
SF:/Users/mohamadasaker/Desktop/CPEN321/Nexus/Nexus/actions/LoginActions.js
FN:8,(anonymous_0)
FN:9,(anonymous_1)
FN:11,(anonymous_2)
FN:19,(anonymous_3)
FNF:4
FNH:0
FNDA:0,(anonymous_0)
FNDA:0,(anonymous_1)
FNDA:0,(anonymous_2)
FNDA:0,(anonymous_3)
DA:8,2
DA:9,0
DA:10,0
DA:13,0
DA:14,0
DA:21,0
DA:22,0
LF:7
LH:1
BRF:0
BRH:0
end_of_record
TN:
SF:/Users/mohamadasaker/Desktop/CPEN321/Nexus/Nexus/actions/SettingsActions.js
FN:5,(anonymous_0)
FN:6,(anonymous_1)
FN:8,(anonymous_2)
FNF:3
FNH:0
FNDA:0,(anonymous_0)
FNDA:0,(anonymous_1)
FNDA:0,(anonymous_2)
DA:5,2
DA:6,0
DA:7,0
DA:8,0
LF:4
LH:1
BRF:0
BRH:0
end_of_record
TN:
SF:/Users/mohamadasaker/Desktop/CPEN321/Nexus/Nexus/actions/index.js
FNF:0
FNH:0
LF:0
LH:0
BRF:0
BRH:0
end_of_record
TN:
SF:/Users/mohamadasaker/Desktop/CPEN321/Nexus/Nexus/actions/types.js
FNF:0
FNH:0
DA:1,2
DA:2,2
DA:4,2
DA:6,2
DA:7,2
DA:9,2
DA:10,2
LF:7
LH:7
BRF:0
BRH:0
end_of_record
TN:
SF:/Users/mohamadasaker/Desktop/CPEN321/Nexus/Nexus/components/Background.js
FN:9,(anonymous_0)
FNF:1
FNH:0
FNDA:0,(anonymous_0)
DA:5,3
DA:6,3
DA:10,0
DA:60,3
LF:4
LH:3
BRDA:45,0,0,0
BRDA:45,0,1,0
BRF:2
BRH:0
end_of_record
TN:
SF:/Users/mohamadasaker/Desktop/CPEN321/Nexus/Nexus/screens/ChatScreen.js
FN:46,(anonymous_0)
FN:54,(anonymous_1)
FN:57,(anonymous_2)
FN:71,(anonymous_3)
FN:78,(anonymous_4)
FN:82,(anonymous_5)
FN:102,(anonymous_6)
FN:107,(anonymous_7)
FN:118,(anonymous_8)
FN:128,(anonymous_9)
FN:145,(anonymous_10)
FN:173,(anonymous_11)
FN:185,(anonymous_12)
FN:187,(anonymous_13)
FN:198,(anonymous_14)
FN:207,(anonymous_15)
FNF:16
FNH:8
FNDA:8,(anonymous_0)
FNDA:8,(anonymous_1)
FNDA:0,(anonymous_2)
FNDA:0,(anonymous_3)
FNDA:8,(anonymous_4)
FNDA:0,(anonymous_5)
FNDA:1,(anonymous_6)
FNDA:0,(anonymous_7)
FNDA:0,(anonymous_8)
FNDA:0,(anonymous_9)
FNDA:2,(anonymous_10)
FNDA:9,(anonymous_11)
FNDA:0,(anonymous_12)
FNDA:0,(anonymous_13)
FNDA:1,(anonymous_14)
FNDA:2,(anonymous_15)
DA:27,1
DA:28,1
DA:30,1
DA:34,1
DA:35,1
DA:47,8
DA:48,8
DA:49,8
DA:50,8
DA:51,8
DA:55,8
DA:56,8
DA:57,8
DA:58,0
DA:59,0
DA:60,0
DA:61,0
DA:62,0
DA:63,0
DA:64,0
DA:68,8
DA:70,8
DA:71,8
DA:72,0
DA:73,0
DA:75,8
DA:79,8
DA:80,8
DA:82,8
DA:84,0
DA:85,0
DA:86,0
DA:89,0
DA:91,0
DA:93,0
DA:94,0
DA:96,0
DA:98,0
DA:103,1
DA:104,1
DA:105,1
DA:107,0
DA:108,0
DA:109,0
DA:110,0
DA:112,0
DA:113,0
DA:114,0
DA:119,0
DA:120,0
DA:121,0
DA:124,0
DA:125,0
DA:126,0
DA:128,0
DA:129,0
DA:130,0
DA:131,0
DA:134,0
DA:135,0
DA:136,0
DA:139,0
DA:140,0
DA:146,2
DA:147,2
DA:148,1
DA:160,1
DA:174,9
DA:185,0
DA:187,0
DA:198,1
DA:207,2
DA:216,1
LF:73
LH:31
BRDA:58,0,0,0
BRDA:58,0,1,0
BRDA:63,1,0,0
BRDA:63,1,1,0
BRDA:84,2,0,0
BRDA:84,2,1,0
BRDA:93,3,0,0
BRDA:93,3,1,0
BRDA:96,4,0,0
BRDA:96,4,1,0
BRDA:103,5,0,1
BRDA:103,5,1,0
BRDA:108,6,0,0
BRDA:108,6,1,0
BRDA:119,7,0,0
BRDA:119,7,1,0
BRDA:124,8,0,0
BRDA:124,8,1,0
BRDA:125,9,0,0
BRDA:125,9,1,0
BRDA:129,10,0,0
BRDA:129,10,1,0
BRDA:147,11,0,1
BRDA:147,11,1,1
BRF:24
BRH:3
end_of_record
TN:
SF:/Users/mohamadasaker/Desktop/CPEN321/Nexus/Nexus/screens/Login.js
FN:35,(anonymous_0)
FN:46,(anonymous_1)
FN:50,(anonymous_2)
FN:54,(anonymous_3)
FN:74,(anonymous_4)
FN:118,(anonymous_5)
FN:148,(anonymous_6)
FNF:7
FNH:6
FNDA:7,(anonymous_0)
FNDA:2,(anonymous_1)
FNDA:2,(anonymous_2)
FNDA:11,(anonymous_3)
FNDA:1,(anonymous_4)
FNDA:1,(anonymous_5)
FNDA:0,(anonymous_6)
DA:21,1
DA:22,1
DA:24,1
DA:36,7
DA:37,7
DA:47,2
DA:51,2
DA:55,11
DA:74,1
DA:118,1
DA:149,0
DA:156,0
DA:159,0
DA:161,0
DA:162,0
DA:167,0
DA:173,1
LF:17
LH:11
BRDA:159,0,0,0
BRDA:159,0,1,0
BRF:2
BRH:0
end_of_record
TN:
SF:/Users/mohamadasaker/Desktop/CPEN321/Nexus/Nexus/screens/Register.js
FN:22,(anonymous_0)
FN:26,(anonymous_1)
FN:36,(anonymous_2)
FN:40,(anonymous_3)
FN:44,(anonymous_4)
FN:47,(anonymous_5)
FNF:6
FNH:6
FNDA:4,(anonymous_0)
FNDA:6,(anonymous_1)
FNDA:1,(anonymous_2)
FNDA:1,(anonymous_3)
FNDA:1,(anonymous_4)
FNDA:1,(anonymous_5)
DA:6,2
DA:7,2
DA:9,2
DA:23,4
DA:28,6
DA:36,1
DA:40,1
DA:44,1
DA:47,1
DA:60,2
LF:10
LH:10
BRF:0
BRH:0
end_of_record
TN:
SF:/Users/mohamadasaker/Desktop/CPEN321/Nexus/Nexus/screens/SplashScreen.js
FN:20,(anonymous_0)
FN:24,(anonymous_1)
FN:32,(anonymous_2)
FN:37,(anonymous_3)
FN:48,(anonymous_4)
FN:52,(anonymous_5)
FNF:6
FNH:4
FNDA:2,(anonymous_0)
FNDA:2,(anonymous_1)
FNDA:1,(anonymous_2)
FNDA:1,(anonymous_3)
FNDA:0,(anonymous_4)
FNDA:0,(anonymous_5)
DA:11,2
DA:12,2
DA:21,2
DA:25,2
DA:32,1
DA:37,1
DA:49,0
DA:53,0
DA:57,2
LF:9
LH:7
BRF:0
BRH:0
end_of_record
TN:
SF:/Users/mohamadasaker/Desktop/CPEN321/Nexus/Nexus/sendbirdActions/groupChannel.js
FN:4,(anonymous_0)
FN:5,(anonymous_1)
FN:8,(anonymous_2)
FN:24,(anonymous_3)
FN:33,(anonymous_4)
FN:34,(anonymous_5)
FN:35,(anonymous_6)
FNF:7
FNH:0
FNDA:0,(anonymous_0)
FNDA:0,(anonymous_1)
FNDA:0,(anonymous_2)
FNDA:0,(anonymous_3)
FNDA:0,(anonymous_4)
FNDA:0,(anonymous_5)
FNDA:0,(anonymous_6)
DA:4,2
DA:5,0
DA:6,0
DA:7,0
DA:8,0
DA:9,0
DA:10,0
DA:11,0
DA:12,0
DA:14,0
DA:15,0
DA:19,0
DA:24,2
DA:25,0
DA:26,0
DA:27,0
DA:29,0
DA:33,2
DA:34,0
DA:35,0
DA:36,0
DA:37,0
DA:39,0
LF:23
LH:3
BRDA:7,0,0,0
BRDA:7,0,1,0
BRDA:9,1,0,0
BRDA:9,1,1,0
BRDA:26,2,0,0
BRDA:26,2,1,0
BRDA:36,3,0,0
BRDA:36,3,1,0
BRF:8
BRH:0
end_of_record
TN:
SF:/Users/mohamadasaker/Desktop/CPEN321/Nexus/Nexus/sendbirdActions/index.js
FNF:0
FNH:0
LF:0
LH:0
BRF:0
BRH:0
end_of_record
TN:
SF:/Users/mohamadasaker/Desktop/CPEN321/Nexus/Nexus/sendbirdActions/user.js
FN:6,(anonymous_0)
FN:7,(anonymous_1)
FN:11,(anonymous_2)
FN:19,(anonymous_3)
FN:32,(anonymous_4)
FN:33,(anonymous_5)
FN:36,(anonymous_6)
FNF:7
FNH:6
FNDA:8,(anonymous_0)
FNDA:8,(anonymous_1)
FNDA:8,(anonymous_2)
FNDA:0,(anonymous_3)
FNDA:8,(anonymous_4)
FNDA:8,(anonymous_5)
FNDA:8,(anonymous_6)
DA:3,4
DA:6,4
DA:7,8
DA:9,8
DA:11,8
DA:13,8
DA:14,8
DA:19,0
DA:20,0
DA:21,0
DA:23,0
DA:32,4
DA:33,8
DA:34,8
DA:35,8
DA:36,8
DA:37,8
DA:40,0
LF:18
LH:13
BRDA:13,0,0,8
BRDA:13,0,1,0
BRDA:20,1,0,0
BRDA:20,1,1,0
BRDA:35,2,0,8
BRDA:35,2,1,0
BRF:6
BRH:2
end_of_record
