TN:
SF:/Users/mohamadasaker/Desktop/CPEN321/Nexus/Nexus/screens/ChatScreen.js
FN:46,(anonymous_0)
FN:54,(anonymous_1)
FN:57,(anonymous_2)
FN:71,(anonymous_3)
FN:78,(anonymous_4)
FN:82,(anonymous_5)
FN:102,(anonymous_6)
FN:105,(anonymous_7)
FN:116,(anonymous_8)
FN:126,(anonymous_9)
FN:143,(anonymous_10)
FN:171,(anonymous_11)
FN:183,(anonymous_12)
FN:185,(anonymous_13)
FN:196,(anonymous_14)
FN:205,(anonymous_15)
FNF:16
FNH:8
FNDA:8,(anonymous_0)
FNDA:8,(anonymous_1)
FNDA:0,(anonymous_2)
FNDA:0,(anonymous_3)
FNDA:8,(anonymous_4)
FNDA:0,(anonymous_5)
FNDA:1,(anonymous_6)
FNDA:0,(anonymous_7)
FNDA:0,(anonymous_8)
FNDA:0,(anonymous_9)
FNDA:2,(anonymous_10)
FNDA:9,(anonymous_11)
FNDA:0,(anonymous_12)
FNDA:0,(anonymous_13)
FNDA:1,(anonymous_14)
FNDA:2,(anonymous_15)
DA:27,1
DA:28,1
DA:30,1
DA:34,1
DA:35,1
DA:47,8
DA:48,8
DA:49,8
DA:50,8
DA:51,8
DA:55,8
DA:56,8
DA:57,8
DA:58,0
DA:59,0
DA:60,0
DA:61,0
DA:62,0
DA:63,0
DA:64,0
DA:68,8
DA:70,8
DA:71,8
DA:72,0
DA:73,0
DA:75,8
DA:79,8
DA:80,8
DA:82,8
DA:84,0
DA:85,0
DA:86,0
DA:89,0
DA:91,0
DA:93,0
DA:94,0
DA:96,0
DA:98,0
DA:103,1
DA:104,1
DA:105,0
DA:106,0
DA:107,0
DA:108,0
DA:110,0
DA:111,0
DA:112,0
DA:117,0
DA:118,0
DA:119,0
DA:122,0
DA:123,0
DA:124,0
DA:126,0
DA:127,0
DA:128,0
DA:129,0
DA:132,0
DA:133,0
DA:134,0
DA:137,0
DA:138,0
DA:144,2
DA:145,2
DA:146,1
DA:158,1
DA:172,9
DA:183,0
DA:185,0
DA:196,1
DA:205,2
DA:214,1
LF:72
LH:30
BRDA:58,0,0,0
BRDA:58,0,1,0
BRDA:63,1,0,0
BRDA:63,1,1,0
BRDA:84,2,0,0
BRDA:84,2,1,0
BRDA:93,3,0,0
BRDA:93,3,1,0
BRDA:96,4,0,0
BRDA:96,4,1,0
BRDA:103,5,0,1
BRDA:103,5,1,0
BRDA:106,6,0,0
BRDA:106,6,1,0
BRDA:117,7,0,0
BRDA:117,7,1,0
BRDA:122,8,0,0
BRDA:122,8,1,0
BRDA:123,9,0,0
BRDA:123,9,1,0
BRDA:127,10,0,0
BRDA:127,10,1,0
BRDA:145,11,0,1
BRDA:145,11,1,1
BRF:24
BRH:3
end_of_record
TN:
SF:/Users/mohamadasaker/Desktop/CPEN321/Nexus/Nexus/sendbirdActions/index.js
FNF:0
FNH:0
LF:0
LH:0
BRF:0
BRH:0
end_of_record
TN:
SF:/Users/mohamadasaker/Desktop/CPEN321/Nexus/Nexus/sendbirdActions/user.js
FN:6,(anonymous_0)
FN:7,(anonymous_1)
FN:11,(anonymous_2)
FN:19,(anonymous_3)
FN:32,(anonymous_4)
FN:33,(anonymous_5)
FN:36,(anonymous_6)
FNF:7
FNH:6
FNDA:8,(anonymous_0)
FNDA:8,(anonymous_1)
FNDA:8,(anonymous_2)
FNDA:0,(anonymous_3)
FNDA:8,(anonymous_4)
FNDA:8,(anonymous_5)
FNDA:8,(anonymous_6)
DA:3,1
DA:6,1
DA:7,8
DA:9,8
DA:11,8
DA:13,8
DA:14,8
DA:19,0
DA:20,0
DA:21,0
DA:23,0
DA:32,1
DA:33,8
DA:34,8
DA:35,8
DA:36,8
DA:37,8
DA:40,0
LF:18
LH:13
BRDA:13,0,0,8
BRDA:13,0,1,0
BRDA:20,1,0,0
BRDA:20,1,1,0
BRDA:35,2,0,8
BRDA:35,2,1,0
BRF:6
BRH:2
end_of_record
